Using pre-set license
Built from '2020.3/staging' branch; Version is '2020.3.16f1 (049d6eca3c44) revision 302446'; Using compiler version '192528614'; Build Type 'Release'
OS: 'Windows 10 Home; OS build 19041.1165; Version 2004; 64bit' Language: 'en' Physical Memory: 8108 MB
BatchMode: 1, IsHumanControllingUs: 0, StartBugReporterOnCrash: 0, Is64bit: 1, IsPro: 0

 COMMAND LINE ARGUMENTS:
C:\Program Files\Unity\Hub\Editor\2020.3.16f1\Editor\Unity.exe
-adb2
-batchMode
-noUpm
-name
AssetImportWorker0
-projectPath
C:/Users/cryst/Documents/GitHub/Dust-Game-Jam/dust-game-jam
-logFile
Logs/AssetImportWorker0.log
-srvPort
50755
Successfully changed project path to: C:/Users/cryst/Documents/GitHub/Dust-Game-Jam/dust-game-jam
C:/Users/cryst/Documents/GitHub/Dust-Game-Jam/dust-game-jam
Using Asset Import Pipeline V2.
Refreshing native plugins compatible for Editor in 388.45 ms, found 3 plugins.
Preloading 0 native plugins for Editor in 0.00 ms.
Initialize engine version: 2020.3.16f1 (049d6eca3c44)
[Subsystems] Discovering subsystems at path C:/Program Files/Unity/Hub/Editor/2020.3.16f1/Editor/Data/Resources/UnitySubsystems
[Subsystems] Discovering subsystems at path C:/Users/cryst/Documents/GitHub/Dust-Game-Jam/dust-game-jam/Assets
GfxDevice: creating device client; threaded=0
Direct3D:
    Version:  Direct3D 11.0 [level 11.1]
    Renderer: Radeon(TM) 520 (ID=0x6660)
    Vendor:   
    VRAM:     2039 MB
    Driver:   21.19.412.1280
Initialize mono
Mono path[0] = 'C:/Program Files/Unity/Hub/Editor/2020.3.16f1/Editor/Data/Managed'
Mono path[1] = 'C:/Program Files/Unity/Hub/Editor/2020.3.16f1/Editor/Data/MonoBleedingEdge/lib/mono/unityjit'
Mono config path = 'C:/Program Files/Unity/Hub/Editor/2020.3.16f1/Editor/Data/MonoBleedingEdge/etc'
Using monoOptions --debugger-agent=transport=dt_socket,embedding=1,server=y,suspend=n,address=127.0.0.1:56032
Begin MonoManager ReloadAssembly
Registering precompiled unity dll's ...
Register platform support module: C:/Program Files/Unity/Hub/Editor/2020.3.16f1/Editor/Data/PlaybackEngines/WebGLSupport/UnityEditor.WebGL.Extensions.dll
Register platform support module: C:/Program Files/Unity/Hub/Editor/2020.3.16f1/Editor/Data/PlaybackEngines/WindowsStandaloneSupport/UnityEditor.WindowsStandalone.Extensions.dll
Registered in 0.003888 seconds.
Native extension for WindowsStandalone target not found
Native extension for WebGL target not found
Refreshing native plugins compatible for Editor in 164.10 ms, found 3 plugins.
Preloading 0 native plugins for Editor in 0.00 ms.
Mono: successfully reloaded assembly
- Completed reload, in  2.353 seconds
Domain Reload Profiling:
	ReloadAssembly (2354ms)
		BeginReloadAssembly (80ms)
			ExecutionOrderSort (0ms)
			DisableScriptedObjects (0ms)
			BackupInstance (0ms)
			ReleaseScriptingObjects (0ms)
			CreateAndSetChildDomain (1ms)
		EndReloadAssembly (765ms)
			LoadAssemblies (77ms)
			RebuildTransferFunctionScriptingTraits (0ms)
			SetupTypeCache (238ms)
			ReleaseScriptCaches (0ms)
			RebuildScriptCaches (50ms)
			SetupLoadedEditorAssemblies (367ms)
				LogAssemblyErrors (0ms)
				InitializePlatformSupportModulesInManaged (6ms)
				SetLoadedEditorAssemblies (1ms)
				RefreshPlugins (164ms)
				BeforeProcessingInitializeOnLoad (19ms)
				ProcessInitializeOnLoadAttributes (132ms)
				ProcessInitializeOnLoadMethodAttributes (45ms)
				AfterProcessingInitializeOnLoad (0ms)
				EditorAssembliesLoaded (0ms)
			ExecutionOrderSort2 (0ms)
			AwakeInstancesAfterBackupRestoration (0ms)
Platform modules already initialized, skipping
Registering precompiled user dll's ...
Registered in 0.007879 seconds.
Begin MonoManager ReloadAssembly
Native extension for WindowsStandalone target not found
Native extension for WebGL target not found
Refreshing native plugins compatible for Editor in 64.72 ms, found 3 plugins.
Preloading 0 native plugins for Editor in 0.00 ms.
Mono: successfully reloaded assembly
- Completed reload, in  1.852 seconds
Domain Reload Profiling:
	ReloadAssembly (1853ms)
		BeginReloadAssembly (221ms)
			ExecutionOrderSort (0ms)
			DisableScriptedObjects (10ms)
			BackupInstance (0ms)
			ReleaseScriptingObjects (0ms)
			CreateAndSetChildDomain (26ms)
		EndReloadAssembly (1541ms)
			LoadAssemblies (135ms)
			RebuildTransferFunctionScriptingTraits (0ms)
			SetupTypeCache (481ms)
			ReleaseScriptCaches (1ms)
			RebuildScriptCaches (80ms)
			SetupLoadedEditorAssemblies (662ms)
				LogAssemblyErrors (0ms)
				InitializePlatformSupportModulesInManaged (7ms)
				SetLoadedEditorAssemblies (0ms)
				RefreshPlugins (65ms)
				BeforeProcessingInitializeOnLoad (114ms)
				ProcessInitializeOnLoadAttributes (443ms)
				ProcessInitializeOnLoadMethodAttributes (23ms)
				AfterProcessingInitializeOnLoad (10ms)
				EditorAssembliesLoaded (0ms)
			ExecutionOrderSort2 (0ms)
			AwakeInstancesAfterBackupRestoration (11ms)
Platform modules already initialized, skipping
========================================================================
Worker process is ready to serve import requests
Launched and connected shader compiler UnityShaderCompiler.exe after 0.08 seconds
Refreshing native plugins compatible for Editor in 0.57 ms, found 3 plugins.
Preloading 0 native plugins for Editor in 0.00 ms.
Unloading 2122 Unused Serialized files (Serialized files now loaded: 0)
System memory in use before: 93.9 MB.
System memory in use after: 94.0 MB.

Unloading 28 unused Assets to reduce memory usage. Loaded Objects now: 2561.
Total: 5.105700 ms (FindLiveObjects: 0.239100 ms CreateObjectMapping: 0.109300 ms MarkObjects: 4.675100 ms  DeleteObjects: 0.080500 ms)

AssetImportParameters requested are different than current active one (requested -> active):
  custom:framework-win-MediaFoundation: 216162199b28c13a410421893ffa2e32 -> 
  custom:video-decoder-ogg-theora: a1e56fd34408186e4bbccfd4996cb3dc -> 
  custom:container-muxer-webm: aa71ff27fc2769a1b78a27578f13a17b -> 
  custom:container-demuxer-webm: 4f35f7cbe854078d1ac9338744f61a02 -> 
  custom:container-demuxer-ogg: 62fdf1f143b41e24485cea50d1cbac27 -> 
  custom:video-encoder-webm-vp8: eb34c28f22e8b96e1ab97ce403110664 -> 
  custom:video-decoder-webm-vp8: 9c59270c3fd7afecdb556c50c9e8de78 -> 
  custom:audio-decoder-ogg-vorbis: bf7c407c2cedff20999df2af8eb42d56 -> 
  custom:audio-encoder-webm-vorbis: bf7c407c2cedff20999df2af8eb42d56 -> 
========================================================================
Received Import Request.
  path: Assets/Images/animations/pawn/build/Build-Basic06.png
  artifactKey: Guid(9ca703c8f6acd5046aef28d1b4278651) Importer(815301076,1909f56bfc062723c751e8b465ee728b)
Start importing Assets/Images/animations/pawn/build/Build-Basic06.png using Guid(9ca703c8f6acd5046aef28d1b4278651) Importer(815301076,1909f56bfc062723c751e8b465ee728b)  -> (artifact id: 'f61b32e8b08dd120dcabf0a488499a28') in 0.154163 seconds 
  Import took 0.160157 seconds .

========================================================================
Received Import Request.
  Time since last request: 0.000342 seconds.
  path: Assets/Images/animations/pawn/build/Build-Basic08.png
  artifactKey: Guid(bdeb7b49da66dbc47aa48769c3af236d) Importer(815301076,1909f56bfc062723c751e8b465ee728b)
Start importing Assets/Images/animations/pawn/build/Build-Basic08.png using Guid(bdeb7b49da66dbc47aa48769c3af236d) Importer(815301076,1909f56bfc062723c751e8b465ee728b)  -> (artifact id: 'c48b8f49290cc363b3f77dc2ece56015') in 0.037880 seconds 
  Import took 0.043315 seconds .

========================================================================
Received Import Request.
  Time since last request: 0.000252 seconds.
  path: Assets/Images/animations/pawn/build/Build-Basic05.png
  artifactKey: Guid(6f3ff2926b3be214990961c4efc7ca81) Importer(815301076,1909f56bfc062723c751e8b465ee728b)
Start importing Assets/Images/animations/pawn/build/Build-Basic05.png using Guid(6f3ff2926b3be214990961c4efc7ca81) Importer(815301076,1909f56bfc062723c751e8b465ee728b)  -> (artifact id: '72bf0743040eae57589c52fe1ca06a84') in 0.036326 seconds 
  Import took 0.041041 seconds .

========================================================================
Received Import Request.
  Time since last request: 0.000260 seconds.
  path: Assets/Images/animations/pawn/build/Build-Basic11.png
  artifactKey: Guid(d331f24fbb7c421439d6a8aad7c23542) Importer(815301076,1909f56bfc062723c751e8b465ee728b)
Start importing Assets/Images/animations/pawn/build/Build-Basic11.png using Guid(d331f24fbb7c421439d6a8aad7c23542) Importer(815301076,1909f56bfc062723c751e8b465ee728b)  -> (artifact id: 'ec2b21902fb41aa35a39561c99cf2eb5') in 0.036446 seconds 
  Import took 0.045585 seconds .

========================================================================
Received Import Request.
  Time since last request: 0.000298 seconds.
  path: Assets/Images/animations/pawn/build/Build-Basic15.png
  artifactKey: Guid(9d55510746a350448bb72ae4fbccacf5) Importer(815301076,1909f56bfc062723c751e8b465ee728b)
Start importing Assets/Images/animations/pawn/build/Build-Basic15.png using Guid(9d55510746a350448bb72ae4fbccacf5) Importer(815301076,1909f56bfc062723c751e8b465ee728b)  -> (artifact id: 'af080f18d4b7646f3cdc53cbb28b2145') in 0.039688 seconds 
  Import took 0.047272 seconds .

========================================================================
Received Import Request.
  Time since last request: 0.000245 seconds.
  path: Assets/Images/animations/pawn/build/Build-Basic03.png
  artifactKey: Guid(1c05bf6f51925ac4086291fb300b6bc7) Importer(815301076,1909f56bfc062723c751e8b465ee728b)
Start importing Assets/Images/animations/pawn/build/Build-Basic03.png using Guid(1c05bf6f51925ac4086291fb300b6bc7) Importer(815301076,1909f56bfc062723c751e8b465ee728b)  -> (artifact id: 'cf6b8e4aae4097dd2002d52d38d4a16d') in 0.042800 seconds 
  Import took 0.051214 seconds .

========================================================================
Received Import Request.
  Time since last request: 0.000584 seconds.
  path: Assets/Images/animations/pawn/build/Build-Basic14.png
  artifactKey: Guid(d344ee02473209744bc8e612aa255151) Importer(815301076,1909f56bfc062723c751e8b465ee728b)
Start importing Assets/Images/animations/pawn/build/Build-Basic14.png using Guid(d344ee02473209744bc8e612aa255151) Importer(815301076,1909f56bfc062723c751e8b465ee728b)  -> (artifact id: 'e56626d3754a63b97670f650691ec27a') in 0.038957 seconds 
  Import took 0.045211 seconds .

========================================================================
Received Import Request.
  Time since last request: 0.000283 seconds.
  path: Assets/Images/animations/pawn/build/Build-Basic09.png
  artifactKey: Guid(7559755ddbc50404fb9f77744a1112ef) Importer(815301076,1909f56bfc062723c751e8b465ee728b)
Start importing Assets/Images/animations/pawn/build/Build-Basic09.png using Guid(7559755ddbc50404fb9f77744a1112ef) Importer(815301076,1909f56bfc062723c751e8b465ee728b)  -> (artifact id: 'ef098458a7b23a9595b3ca0040922dba') in 0.035849 seconds 
  Import took 0.042009 seconds .

========================================================================
Received Import Request.
  Time since last request: 0.001449 seconds.
  path: Assets/Images/animations/pawn/build/Build-Basic01.png
  artifactKey: Guid(8516d7663a1dca74880fe3ff5ae95d2f) Importer(815301076,1909f56bfc062723c751e8b465ee728b)
Start importing Assets/Images/animations/pawn/build/Build-Basic01.png using Guid(8516d7663a1dca74880fe3ff5ae95d2f) Importer(815301076,1909f56bfc062723c751e8b465ee728b)  -> (artifact id: 'ba0da22697a39c63ab4a6786dc5d6a40') in 0.032556 seconds 
  Import took 0.041062 seconds .

========================================================================
Received Import Request.
  Time since last request: 0.000367 seconds.
  path: Assets/Images/animations/pawn/build/Build-Basic13.png
  artifactKey: Guid(f128b401be5a028499641d1d3fbb9037) Importer(815301076,1909f56bfc062723c751e8b465ee728b)
Start importing Assets/Images/animations/pawn/build/Build-Basic13.png using Guid(f128b401be5a028499641d1d3fbb9037) Importer(815301076,1909f56bfc062723c751e8b465ee728b)  -> (artifact id: 'df1863b3b770ecfbec201fe511758ca7') in 0.032879 seconds 
  Import took 0.037322 seconds .

========================================================================
Received Import Request.
  Time since last request: 0.000250 seconds.
  path: Assets/Images/animations/pawn/build/Build-Basic02.png
  artifactKey: Guid(8804bb34a2b4e854b8921014ca14f5c8) Importer(815301076,1909f56bfc062723c751e8b465ee728b)
Start importing Assets/Images/animations/pawn/build/Build-Basic02.png using Guid(8804bb34a2b4e854b8921014ca14f5c8) Importer(815301076,1909f56bfc062723c751e8b465ee728b)  -> (artifact id: '4a90388d3820fd5312191d0835771efe') in 0.034189 seconds 
  Import took 0.041560 seconds .

========================================================================
Received Import Request.
  Time since last request: 0.000246 seconds.
  path: Assets/Images/animations/pawn/build/Build-Basic10.png
  artifactKey: Guid(f5569e6c98da6c840be46df598bcecb6) Importer(815301076,1909f56bfc062723c751e8b465ee728b)
Start importing Assets/Images/animations/pawn/build/Build-Basic10.png using Guid(f5569e6c98da6c840be46df598bcecb6) Importer(815301076,1909f56bfc062723c751e8b465ee728b)  -> (artifact id: '2c00f78f71495c673acaab85d3653519') in 0.047804 seconds 
  Import took 0.053224 seconds .

========================================================================
Received Import Request.
  Time since last request: 0.000269 seconds.
  path: Assets/Images/animations/pawn/build/Build-Basic02.png
  artifactKey: Guid(8804bb34a2b4e854b8921014ca14f5c8) Importer(815301076,1909f56bfc062723c751e8b465ee728b)
Start importing Assets/Images/animations/pawn/build/Build-Basic02.png using Guid(8804bb34a2b4e854b8921014ca14f5c8) Importer(815301076,1909f56bfc062723c751e8b465ee728b)  -> (artifact id: '4a90388d3820fd5312191d0835771efe') in 0.040463 seconds 
  Import took 0.047495 seconds .

========================================================================
Received Import Request.
  Time since last request: 0.000286 seconds.
  path: Assets/Images/animations/pawn/build/Build-Basic04.png
  artifactKey: Guid(b7011ff6c2afd8a4c8e06b03a13fd4de) Importer(815301076,1909f56bfc062723c751e8b465ee728b)
Start importing Assets/Images/animations/pawn/build/Build-Basic04.png using Guid(b7011ff6c2afd8a4c8e06b03a13fd4de) Importer(815301076,1909f56bfc062723c751e8b465ee728b)  -> (artifact id: 'ce3dafe1dc68df81955e9ba4dda0c05d') in 0.044822 seconds 
  Import took 0.052219 seconds .

========================================================================
Received Import Request.
  Time since last request: 0.000318 seconds.
  path: Assets/Images/animations/pawn/build/Build-Basic16.png
  artifactKey: Guid(c309824a78b343e479ccd1acac7a0289) Importer(815301076,1909f56bfc062723c751e8b465ee728b)
Start importing Assets/Images/animations/pawn/build/Build-Basic16.png using Guid(c309824a78b343e479ccd1acac7a0289) Importer(815301076,1909f56bfc062723c751e8b465ee728b)  -> (artifact id: '374f6994be5bcd14c913abe0119e12c7') in 0.048125 seconds 
  Import took 0.053252 seconds .

========================================================================
Received Import Request.
  Time since last request: 0.000253 seconds.
  path: Assets/Images/animations/pawn/build/Build-Basic12.png
  artifactKey: Guid(fd69d3fa1c51c2841bd8e2e69f050e16) Importer(815301076,1909f56bfc062723c751e8b465ee728b)
Start importing Assets/Images/animations/pawn/build/Build-Basic12.png using Guid(fd69d3fa1c51c2841bd8e2e69f050e16) Importer(815301076,1909f56bfc062723c751e8b465ee728b)  -> (artifact id: '58a101ae21679722e9d07d9be9e2056c') in 0.058286 seconds 
  Import took 0.070398 seconds .

========================================================================
Received Import Request.
  Time since last request: 0.000452 seconds.
  path: Assets/Images/animations/pawn/build/Build-Basic07.png
  artifactKey: Guid(1017d4148ad83bf45a0e8bb5051020f4) Importer(815301076,1909f56bfc062723c751e8b465ee728b)
Start importing Assets/Images/animations/pawn/build/Build-Basic07.png using Guid(1017d4148ad83bf45a0e8bb5051020f4) Importer(815301076,1909f56bfc062723c751e8b465ee728b)  -> (artifact id: '2d5d1c15203caa7d5bc1e2ccbe21463e') in 0.080462 seconds 
  Import took 0.090396 seconds .

========================================================================
Received Import Request.
  Time since last request: 19.380404 seconds.
  path: Assets/Images/ARCANE.png
  artifactKey: Guid(ed6dd1e41800be84082ecd0acfdbcb58) Importer(815301076,1909f56bfc062723c751e8b465ee728b)
Start importing Assets/Images/ARCANE.png using Guid(ed6dd1e41800be84082ecd0acfdbcb58) Importer(815301076,1909f56bfc062723c751e8b465ee728b)  -> (artifact id: '97704123ea04d0b849b694c88813d23f') in 0.034867 seconds 
  Import took 0.040761 seconds .

========================================================================
Received Import Request.
  Time since last request: 0.000407 seconds.
  path: Assets/Images/WELL MOVING .gif
  artifactKey: Guid(a71b3e7864097da4bb5961d2c38a4810) Importer(815301076,1909f56bfc062723c751e8b465ee728b)
Start importing Assets/Images/WELL MOVING .gif using Guid(a71b3e7864097da4bb5961d2c38a4810) Importer(815301076,1909f56bfc062723c751e8b465ee728b)  -> (artifact id: '8ede58ddb7882c02da75ac994517c78e') in 0.053632 seconds 
  Import took 0.061786 seconds .

========================================================================
Received Import Request.
  Time since last request: 0.000221 seconds.
  path: Assets/Images/BONE (asset).png
  artifactKey: Guid(c5fbc1e5a578eca49a6a17fc4bfd8b25) Importer(815301076,1909f56bfc062723c751e8b465ee728b)
Start importing Assets/Images/BONE (asset).png using Guid(c5fbc1e5a578eca49a6a17fc4bfd8b25) Importer(815301076,1909f56bfc062723c751e8b465ee728b)  -> (artifact id: 'aa1ed3f67b2cf6e300f959ae97adaf0f') in 0.047936 seconds 
  Import took 0.054030 seconds .

========================================================================
Received Import Request.
  Time since last request: 0.000268 seconds.
  path: Assets/Images/RIBCAGE UPSIDE DOWN aa 1.png
  artifactKey: Guid(0eef2be175838764d8f24049a90b7cff) Importer(815301076,1909f56bfc062723c751e8b465ee728b)
Start importing Assets/Images/RIBCAGE UPSIDE DOWN aa 1.png using Guid(0eef2be175838764d8f24049a90b7cff) Importer(815301076,1909f56bfc062723c751e8b465ee728b)  -> (artifact id: 'adb170e0bd1a9bfe918e576203eb9a58') in 0.039519 seconds 
  Import took 0.056436 seconds .

========================================================================
Received Import Request.
  Time since last request: 0.000321 seconds.
  path: Assets/Images/BONE (asset).png
  artifactKey: Guid(c5fbc1e5a578eca49a6a17fc4bfd8b25) Importer(815301076,1909f56bfc062723c751e8b465ee728b)
Start importing Assets/Images/BONE (asset).png using Guid(c5fbc1e5a578eca49a6a17fc4bfd8b25) Importer(815301076,1909f56bfc062723c751e8b465ee728b)  -> (artifact id: 'aa1ed3f67b2cf6e300f959ae97adaf0f') in 0.032207 seconds 
  Import took 0.037309 seconds .

========================================================================
Received Import Request.
  Time since last request: 0.000352 seconds.
  path: Assets/Images/IRON (asset).png
  artifactKey: Guid(8d4f69856d73d3d4aae181b7e948b666) Importer(815301076,1909f56bfc062723c751e8b465ee728b)
Start importing Assets/Images/IRON (asset).png using Guid(8d4f69856d73d3d4aae181b7e948b666) Importer(815301076,1909f56bfc062723c751e8b465ee728b)  -> (artifact id: '7cbc3f9fb9c590f2be5142ca9b8d3fe0') in 0.046677 seconds 
  Import took 0.054234 seconds .

========================================================================
Received Import Request.
  Time since last request: 0.001612 seconds.
  path: Assets/Images/SKYBOX (DAY CYCLE)1.png
  artifactKey: Guid(96da945a3110b2140b1f7042641cfcb7) Importer(815301076,1909f56bfc062723c751e8b465ee728b)
Start importing Assets/Images/SKYBOX (DAY CYCLE)1.png using Guid(96da945a3110b2140b1f7042641cfcb7) Importer(815301076,1909f56bfc062723c751e8b465ee728b)  -> (artifact id: 'ac95c74fede4db937f5754b9f60bcb2f') in 0.058117 seconds 
  Import took 0.070735 seconds .

========================================================================
Received Import Request.
  Time since last request: 0.000317 seconds.
  path: Assets/Images/STONE (asset).png
  artifactKey: Guid(d45864064711f0147931fa5077765ddd) Importer(815301076,1909f56bfc062723c751e8b465ee728b)
Start importing Assets/Images/STONE (asset).png using Guid(d45864064711f0147931fa5077765ddd) Importer(815301076,1909f56bfc062723c751e8b465ee728b)  -> (artifact id: 'e0422ee6e6a6ae76626119095fa6cec5') in 0.041674 seconds 
  Import took 0.051114 seconds .

========================================================================
Received Import Request.
  Time since last request: 4.195912 seconds.
  path: Assets/Images/shrine versions
  artifactKey: Guid(2c3243d14076c6847b347960fab13194) Importer(815301076,1909f56bfc062723c751e8b465ee728b)
Start importing Assets/Images/shrine versions using Guid(2c3243d14076c6847b347960fab13194) Importer(815301076,1909f56bfc062723c751e8b465ee728b)  -> (artifact id: '3b2f9d8566643114c1c7fbf8513df03a') in 0.011679 seconds 
  Import took 0.017972 seconds .

========================================================================
Received Import Request.
  Time since last request: 6.106932 seconds.
  path: Assets/Actors
  artifactKey: Guid(426b9a9a1ad1b644cb9b5552d513d205) Importer(815301076,1909f56bfc062723c751e8b465ee728b)
Start importing Assets/Actors using Guid(426b9a9a1ad1b644cb9b5552d513d205) Importer(815301076,1909f56bfc062723c751e8b465ee728b)  -> (artifact id: 'e1858c5b6ca374f67bf881761c0f44ac') in 0.015893 seconds 
  Import took 0.021730 seconds .

========================================================================
Received Import Request.
  Time since last request: 0.052735 seconds.
  path: Assets/Actors/FARMLAND.prefab
  artifactKey: Guid(dcc9b249802f730489d94e8bb500a20d) Importer(815301076,1909f56bfc062723c751e8b465ee728b)
Start importing Assets/Actors/FARMLAND.prefab using Guid(dcc9b249802f730489d94e8bb500a20d) Importer(815301076,1909f56bfc062723c751e8b465ee728b)  -> (artifact id: 'd2a4b23c4a9e028bae9b2aa784481418') in 0.064082 seconds 
  Import took 0.072116 seconds .

========================================================================
Received Import Request.
  Time since last request: 0.000243 seconds.
  path: Assets/Actors/SKYBOX FADED (SUNSET)1.png
  artifactKey: Guid(2f264517d843ead45ac69e306fee4988) Importer(815301076,1909f56bfc062723c751e8b465ee728b)
Start importing Assets/Actors/SKYBOX FADED (SUNSET)1.png using Guid(2f264517d843ead45ac69e306fee4988) Importer(815301076,1909f56bfc062723c751e8b465ee728b)  -> (artifact id: '953ced0c30c342982af2a4a6077a75cd') in 0.052408 seconds 
  Import took 0.057137 seconds .

========================================================================
Received Import Request.
  Time since last request: 0.000236 seconds.
  path: Assets/Actors/PAWN_ANIMATED.prefab
  artifactKey: Guid(8d2394a53e6ba3a40859f1e316f393d7) Importer(815301076,1909f56bfc062723c751e8b465ee728b)
Start importing Assets/Actors/PAWN_ANIMATED.prefab using Guid(8d2394a53e6ba3a40859f1e316f393d7) Importer(815301076,1909f56bfc062723c751e8b465ee728b)  -> (artifact id: 'd4d952276d411c6b096b5d6e6209811d') in 0.096250 seconds 
  Import took 0.107452 seconds .

========================================================================
Received Import Request.
  Time since last request: 0.000374 seconds.
  path: Assets/Actors/HealthBarCanvas.prefab
  artifactKey: Guid(4a09fbb02f1ab9f4eb0c255480683929) Importer(815301076,1909f56bfc062723c751e8b465ee728b)
Start importing Assets/Actors/HealthBarCanvas.prefab using Guid(4a09fbb02f1ab9f4eb0c255480683929) Importer(815301076,1909f56bfc062723c751e8b465ee728b)  -> (artifact id: 'fa675565d02735da2286253f0d134169') in 0.020050 seconds 
  Import took 0.026260 seconds .

========================================================================
Received Import Request.
  Time since last request: 0.000445 seconds.
  path: Assets/Actors/Shrine uptodate (colour palette)-sheet.prefab
  artifactKey: Guid(a3235573d5d085f47a048ae340ae1842) Importer(815301076,1909f56bfc062723c751e8b465ee728b)
Start importing Assets/Actors/Shrine uptodate (colour palette)-sheet.prefab using Guid(a3235573d5d085f47a048ae340ae1842) Importer(815301076,1909f56bfc062723c751e8b465ee728b)  -> (artifact id: 'a52ec48449b6d200d0d73cfb65227817') in 0.020215 seconds 
  Import took 0.028272 seconds .

========================================================================
Received Import Request.
  Time since last request: 0.001494 seconds.
  path: Assets/Actors/WELL.prefab
  artifactKey: Guid(e8ddb9fa571565849a6b9790d985d81e) Importer(815301076,1909f56bfc062723c751e8b465ee728b)
Start importing Assets/Actors/WELL.prefab using Guid(e8ddb9fa571565849a6b9790d985d81e) Importer(815301076,1909f56bfc062723c751e8b465ee728b)  -> (artifact id: '8c600e702d5ff208a996310c25fca52b') in 0.034339 seconds 
  Import took 0.043616 seconds .

========================================================================
Received Import Request.
  Time since last request: 0.000277 seconds.
  path: Assets/Actors/SKYBOXFADED (NIGHT CYCLE) 1.png
  artifactKey: Guid(eb2bd4ccf0044fc4b81016d0fe28871e) Importer(815301076,1909f56bfc062723c751e8b465ee728b)
Start importing Assets/Actors/SKYBOXFADED (NIGHT CYCLE) 1.png using Guid(eb2bd4ccf0044fc4b81016d0fe28871e) Importer(815301076,1909f56bfc062723c751e8b465ee728b)  -> (artifact id: '2e8ec53ce479eebfd6561c7bc188e1a5') in 0.050635 seconds 
  Import took 0.060670 seconds .

========================================================================
Received Import Request.
  Time since last request: 0.000288 seconds.
  path: Assets/Actors/OX SKULL.prefab
  artifactKey: Guid(dcecf6f052ca8c94e9ba4528e442ce79) Importer(815301076,1909f56bfc062723c751e8b465ee728b)
Start importing Assets/Actors/OX SKULL.prefab using Guid(dcecf6f052ca8c94e9ba4528e442ce79) Importer(815301076,1909f56bfc062723c751e8b465ee728b)  -> (artifact id: '5b68b333992b62485bcfc13f718316cc') in 0.048078 seconds 
  Import took 0.058821 seconds .

========================================================================
Received Import Request.
  Time since last request: 0.000329 seconds.
  path: Assets/Actors/RIBCAGE UPSIDE DOWN.prefab
  artifactKey: Guid(4f1108a0a6fe6184fb13d532467bd4e3) Importer(815301076,1909f56bfc062723c751e8b465ee728b)
Start importing Assets/Actors/RIBCAGE UPSIDE DOWN.prefab using Guid(4f1108a0a6fe6184fb13d532467bd4e3) Importer(815301076,1909f56bfc062723c751e8b465ee728b)  -> (artifact id: '426e5586b67088387ab0120342e3c70e') in 0.038238 seconds 
  Import took 0.049316 seconds .

========================================================================
Received Import Request.
  Time since last request: 0.000393 seconds.
  path: Assets/Actors/SKYBOX (DAY CYCLE).png
  artifactKey: Guid(e2306b3e38d232142bdeae9b79741314) Importer(815301076,1909f56bfc062723c751e8b465ee728b)
Start importing Assets/Actors/SKYBOX (DAY CYCLE).png using Guid(e2306b3e38d232142bdeae9b79741314) Importer(815301076,1909f56bfc062723c751e8b465ee728b)  -> (artifact id: '16e0c4ce38e20b1bf2506da996c9270a') in 0.037494 seconds 
  Import took 0.055049 seconds .

========================================================================
Received Import Request.
  Time since last request: 0.000362 seconds.
  path: Assets/Actors/SKYBOX (DAY CYCLE) prefab.prefab
  artifactKey: Guid(06da4e69954ba2648bce93da9ae201af) Importer(815301076,1909f56bfc062723c751e8b465ee728b)
Start importing Assets/Actors/SKYBOX (DAY CYCLE) prefab.prefab using Guid(06da4e69954ba2648bce93da9ae201af) Importer(815301076,1909f56bfc062723c751e8b465ee728b)  -> (artifact id: 'fca912077bc7ba450954643e2717f90d') in 0.048035 seconds 
  Import took 0.055002 seconds .

========================================================================
Received Import Request.
  Time since last request: 0.000915 seconds.
  path: Assets/Actors/RANDOM BONES .prefab
  artifactKey: Guid(9edadb612a7b5e942bc7419156ba6d35) Importer(815301076,1909f56bfc062723c751e8b465ee728b)
Start importing Assets/Actors/RANDOM BONES .prefab using Guid(9edadb612a7b5e942bc7419156ba6d35) Importer(815301076,1909f56bfc062723c751e8b465ee728b)  -> (artifact id: '50e223589f042d5aa166a67a28d6d6f7') in 0.057885 seconds 
  Import took 0.073427 seconds .

========================================================================
Received Import Request.
  Time since last request: 0.001823 seconds.
  path: Assets/Actors/FLOOR.prefab
  artifactKey: Guid(76c48edb132262343b3a902db52eca77) Importer(815301076,1909f56bfc062723c751e8b465ee728b)
Start importing Assets/Actors/FLOOR.prefab using Guid(76c48edb132262343b3a902db52eca77) Importer(815301076,1909f56bfc062723c751e8b465ee728b)  -> (artifact id: 'af1730aedd113d866f5d8f27c2abcf84') in 0.036952 seconds 
  Import took 0.052926 seconds .

========================================================================
Received Import Request.
  Time since last request: 0.000516 seconds.
  path: Assets/Actors/TENT.prefab
  artifactKey: Guid(e04e5b48c73945145a60e980fc60bb46) Importer(815301076,1909f56bfc062723c751e8b465ee728b)
Start importing Assets/Actors/TENT.prefab using Guid(e04e5b48c73945145a60e980fc60bb46) Importer(815301076,1909f56bfc062723c751e8b465ee728b)  -> (artifact id: 'c6d9740987571e91fd3926c036d52832') in 0.048870 seconds 
  Import took 0.055726 seconds .

========================================================================
Received Import Request.
  Time since last request: 0.000282 seconds.
  path: Assets/Actors/FLOOR.prefab
  artifactKey: Guid(76c48edb132262343b3a902db52eca77) Importer(815301076,1909f56bfc062723c751e8b465ee728b)
Start importing Assets/Actors/FLOOR.prefab using Guid(76c48edb132262343b3a902db52eca77) Importer(815301076,1909f56bfc062723c751e8b465ee728b)  -> (artifact id: 'af1730aedd113d866f5d8f27c2abcf84') in 0.025240 seconds 
  Import took 0.035534 seconds .

========================================================================
Received Import Request.
  Time since last request: 62.646523 seconds.
  path: Assets/Scripts/Assignable/Enemy.cs
  artifactKey: Guid(9d751ab383f9c1541b5155a52ec8b21f) Importer(815301076,1909f56bfc062723c751e8b465ee728b)
Start importing Assets/Scripts/Assignable/Enemy.cs using Guid(9d751ab383f9c1541b5155a52ec8b21f) Importer(815301076,1909f56bfc062723c751e8b465ee728b)  -> (artifact id: '68f062b64e9dfc157f9ec418273343df') in 0.034131 seconds 
  Import took 0.045770 seconds .

========================================================================
Received Import Request.
  Time since last request: 2.411255 seconds.
  path: Assets/Scripts/Assignable/Shrine.cs
  artifactKey: Guid(7785d47278f1c344a863558edad0d9eb) Importer(815301076,1909f56bfc062723c751e8b465ee728b)
Start importing Assets/Scripts/Assignable/Shrine.cs using Guid(7785d47278f1c344a863558edad0d9eb) Importer(815301076,1909f56bfc062723c751e8b465ee728b)  -> (artifact id: '817dbbdeaa42cdc57271268c06a29abd') in 0.019392 seconds 
  Import took 0.040531 seconds .

========================================================================
Received Import Request.
  Time since last request: 14.836432 seconds.
  path: Assets/Scripts/GameManager.cs
  artifactKey: Guid(43cd9d2f5ec7c4249a478f2bd5d86b89) Importer(815301076,1909f56bfc062723c751e8b465ee728b)
Start importing Assets/Scripts/GameManager.cs using Guid(43cd9d2f5ec7c4249a478f2bd5d86b89) Importer(815301076,1909f56bfc062723c751e8b465ee728b)  -> (artifact id: '7c5ae2acac6272259d365b2e5145d83c') in 0.029523 seconds 
  Import took 0.042834 seconds .

========================================================================
Received Import Request.
  Time since last request: 10.769184 seconds.
  path: Assets/Scripts/Enemy
  artifactKey: Guid(6c2bc4e4514260e4e9d54626c53d83c4) Importer(815301076,1909f56bfc062723c751e8b465ee728b)
Start importing Assets/Scripts/Enemy using Guid(6c2bc4e4514260e4e9d54626c53d83c4) Importer(815301076,1909f56bfc062723c751e8b465ee728b)  -> (artifact id: 'a16183fb8b2f8fa9e327c0f4c4a27af5') in 0.012648 seconds 
  Import took 0.019970 seconds .

========================================================================
Received Import Request.
  Time since last request: 4.445979 seconds.
  path: Assets/Scripts/Enemy/iEnemy.cs
  artifactKey: Guid(834f677ef8d283446940807f87565a04) Importer(815301076,1909f56bfc062723c751e8b465ee728b)
Start importing Assets/Scripts/Enemy/iEnemy.cs using Guid(834f677ef8d283446940807f87565a04) Importer(815301076,1909f56bfc062723c751e8b465ee728b)  -> (artifact id: '7be85e2eef903c5cb559977aa59dfa0c') in 0.032889 seconds 
  Import took 0.046934 seconds .

========================================================================
Received Import Request.
  Time since last request: 2.243947 seconds.
  path: Assets/Scripts/Enemy/basicEnemy.cs
  artifactKey: Guid(58b7244a8c7c75e4e93d7b39a10b3da2) Importer(815301076,1909f56bfc062723c751e8b465ee728b)
Start importing Assets/Scripts/Enemy/basicEnemy.cs using Guid(58b7244a8c7c75e4e93d7b39a10b3da2) Importer(815301076,1909f56bfc062723c751e8b465ee728b)  -> (artifact id: 'bcec60d60335bbf9637cb3b4050a5bab') in 0.028622 seconds 
  Import took 0.045681 seconds .

========================================================================
Received Import Request.
  Time since last request: 4.414974 seconds.
  path: Assets/Scripts/Controllers
  artifactKey: Guid(480304013f96f674d9985e9910270e83) Importer(815301076,1909f56bfc062723c751e8b465ee728b)
Start importing Assets/Scripts/Controllers using Guid(480304013f96f674d9985e9910270e83) Importer(815301076,1909f56bfc062723c751e8b465ee728b)  -> (artifact id: 'cd0eaa3fe4d2fe22cd301e098a9b0194') in 0.014343 seconds 
  Import took 0.027547 seconds .

========================================================================
Received Import Request.
  Time since last request: 2.448943 seconds.
  path: Assets/Scripts/Controllers/EnemyController.cs
  artifactKey: Guid(5245dc609ca9453bac4102821ea4ae66) Importer(815301076,1909f56bfc062723c751e8b465ee728b)
Start importing Assets/Scripts/Controllers/EnemyController.cs using Guid(5245dc609ca9453bac4102821ea4ae66) Importer(815301076,1909f56bfc062723c751e8b465ee728b)  -> (artifact id: '5f89bd3ddb5ad2d6e69aa511746db53e') in 0.039150 seconds 
  Import took 0.052319 seconds .

========================================================================
Received Import Request.
  Time since last request: 27.113443 seconds.
  path: Assets/Scripts/Shrine
  artifactKey: Guid(3a3c2358813e61b45a98071446c4c4b1) Importer(815301076,1909f56bfc062723c751e8b465ee728b)
Start importing Assets/Scripts/Shrine using Guid(3a3c2358813e61b45a98071446c4c4b1) Importer(815301076,1909f56bfc062723c751e8b465ee728b)  -> (artifact id: 'e52bd757d673654068cfc7e0d3543344') in 0.008125 seconds 
  Import took 0.017039 seconds .

========================================================================
Received Import Request.
  Time since last request: 2.295729 seconds.
  path: Assets/Scripts/Shrine/ShrineController.cs
  artifactKey: Guid(6db2b6ab0d4ae42449cad99bde96aaea) Importer(815301076,1909f56bfc062723c751e8b465ee728b)
Start importing Assets/Scripts/Shrine/ShrineController.cs using Guid(6db2b6ab0d4ae42449cad99bde96aaea) Importer(815301076,1909f56bfc062723c751e8b465ee728b)  -> (artifact id: '58340eefc639b5fa0cfa965cd42b428f') in 0.045012 seconds 
  Import took 0.058104 seconds .

========================================================================
Received Prepare
Registering precompiled user dll's ...
Registered in 0.007717 seconds.
Begin MonoManager ReloadAssembly
Native extension for WindowsStandalone target not found
Native extension for WebGL target not found
Refreshing native plugins compatible for Editor in 0.67 ms, found 3 plugins.
Preloading 0 native plugins for Editor in 0.00 ms.
Mono: successfully reloaded assembly
- Completed reload, in  1.788 seconds
Domain Reload Profiling:
	ReloadAssembly (1789ms)
		BeginReloadAssembly (200ms)
			ExecutionOrderSort (0ms)
			DisableScriptedObjects (12ms)
			BackupInstance (0ms)
			ReleaseScriptingObjects (0ms)
			CreateAndSetChildDomain (60ms)
		EndReloadAssembly (1473ms)
			LoadAssemblies (178ms)
			RebuildTransferFunctionScriptingTraits (0ms)
			SetupTypeCache (471ms)
			ReleaseScriptCaches (1ms)
			RebuildScriptCaches (62ms)
			SetupLoadedEditorAssemblies (574ms)
				LogAssemblyErrors (0ms)
				InitializePlatformSupportModulesInManaged (12ms)
				SetLoadedEditorAssemblies (1ms)
				RefreshPlugins (1ms)
				BeforeProcessingInitializeOnLoad (131ms)
				ProcessInitializeOnLoadAttributes (408ms)
				ProcessInitializeOnLoadMethodAttributes (8ms)
				AfterProcessingInitializeOnLoad (13ms)
				EditorAssembliesLoaded (0ms)
			ExecutionOrderSort2 (0ms)
			AwakeInstancesAfterBackupRestoration (23ms)
Platform modules already initialized, skipping
Refreshing native plugins compatible for Editor in 0.61 ms, found 3 plugins.
Preloading 0 native plugins for Editor in 0.00 ms.
Unloading 2119 Unused Serialized files (Serialized files now loaded: 0)
System memory in use before: 96.7 MB.
System memory in use after: 96.8 MB.

Unloading 16 unused Assets to reduce memory usage. Loaded Objects now: 2584.
Total: 5.620900 ms (FindLiveObjects: 0.377500 ms CreateObjectMapping: 0.139200 ms MarkObjects: 5.075200 ms  DeleteObjects: 0.027100 ms)

AssetImportParameters requested are different than current active one (requested -> active):
  custom:framework-win-MediaFoundation: 216162199b28c13a410421893ffa2e32 -> 
  custom:video-decoder-ogg-theora: a1e56fd34408186e4bbccfd4996cb3dc -> 
  custom:container-muxer-webm: aa71ff27fc2769a1b78a27578f13a17b -> 
  custom:container-demuxer-webm: 4f35f7cbe854078d1ac9338744f61a02 -> 
  custom:container-demuxer-ogg: 62fdf1f143b41e24485cea50d1cbac27 -> 
  custom:video-encoder-webm-vp8: eb34c28f22e8b96e1ab97ce403110664 -> 
  custom:video-decoder-webm-vp8: 9c59270c3fd7afecdb556c50c9e8de78 -> 
  custom:audio-decoder-ogg-vorbis: bf7c407c2cedff20999df2af8eb42d56 -> 
  custom:audio-encoder-webm-vorbis: bf7c407c2cedff20999df2af8eb42d56 -> 
========================================================================
Received Prepare
Registering precompiled user dll's ...
Registered in 0.007972 seconds.
Begin MonoManager ReloadAssembly
Native extension for WindowsStandalone target not found
Native extension for WebGL target not found
Refreshing native plugins compatible for Editor in 0.61 ms, found 3 plugins.
Preloading 0 native plugins for Editor in 0.00 ms.
Mono: successfully reloaded assembly
- Completed reload, in  2.062 seconds
Domain Reload Profiling:
	ReloadAssembly (2063ms)
		BeginReloadAssembly (294ms)
			ExecutionOrderSort (0ms)
			DisableScriptedObjects (11ms)
			BackupInstance (0ms)
			ReleaseScriptingObjects (0ms)
			CreateAndSetChildDomain (55ms)
		EndReloadAssembly (1649ms)
			LoadAssemblies (276ms)
			RebuildTransferFunctionScriptingTraits (0ms)
			SetupTypeCache (567ms)
			ReleaseScriptCaches (2ms)
			RebuildScriptCaches (92ms)
			SetupLoadedEditorAssemblies (638ms)
				LogAssemblyErrors (0ms)
				InitializePlatformSupportModulesInManaged (11ms)
				SetLoadedEditorAssemblies (1ms)
				RefreshPlugins (1ms)
				BeforeProcessingInitializeOnLoad (180ms)
				ProcessInitializeOnLoadAttributes (428ms)
				ProcessInitializeOnLoadMethodAttributes (8ms)
				AfterProcessingInitializeOnLoad (10ms)
				EditorAssembliesLoaded (0ms)
			ExecutionOrderSort2 (0ms)
			AwakeInstancesAfterBackupRestoration (31ms)
Platform modules already initialized, skipping
Refreshing native plugins compatible for Editor in 0.96 ms, found 3 plugins.
Preloading 0 native plugins for Editor in 0.00 ms.
Unloading 2119 Unused Serialized files (Serialized files now loaded: 0)
System memory in use before: 96.8 MB.
System memory in use after: 96.9 MB.

Unloading 16 unused Assets to reduce memory usage. Loaded Objects now: 2587.
Total: 8.763000 ms (FindLiveObjects: 0.424800 ms CreateObjectMapping: 0.461800 ms MarkObjects: 7.839500 ms  DeleteObjects: 0.035100 ms)

AssetImportParameters requested are different than current active one (requested -> active):
  custom:framework-win-MediaFoundation: 216162199b28c13a410421893ffa2e32 -> 
  custom:video-decoder-ogg-theora: a1e56fd34408186e4bbccfd4996cb3dc -> 
  custom:container-muxer-webm: aa71ff27fc2769a1b78a27578f13a17b -> 
  custom:container-demuxer-webm: 4f35f7cbe854078d1ac9338744f61a02 -> 
  custom:container-demuxer-ogg: 62fdf1f143b41e24485cea50d1cbac27 -> 
  custom:video-encoder-webm-vp8: eb34c28f22e8b96e1ab97ce403110664 -> 
  custom:video-decoder-webm-vp8: 9c59270c3fd7afecdb556c50c9e8de78 -> 
  custom:audio-decoder-ogg-vorbis: bf7c407c2cedff20999df2af8eb42d56 -> 
  custom:audio-encoder-webm-vorbis: bf7c407c2cedff20999df2af8eb42d56 -> 
========================================================================
Received Prepare
Registering precompiled user dll's ...
Registered in 0.006542 seconds.
Begin MonoManager ReloadAssembly
Native extension for WindowsStandalone target not found
Native extension for WebGL target not found
Refreshing native plugins compatible for Editor in 0.60 ms, found 3 plugins.
Preloading 0 native plugins for Editor in 0.00 ms.
Mono: successfully reloaded assembly
- Completed reload, in  2.010 seconds
Domain Reload Profiling:
	ReloadAssembly (2011ms)
		BeginReloadAssembly (195ms)
			ExecutionOrderSort (0ms)
			DisableScriptedObjects (11ms)
			BackupInstance (0ms)
			ReleaseScriptingObjects (0ms)
			CreateAndSetChildDomain (57ms)
		EndReloadAssembly (1691ms)
			LoadAssemblies (174ms)
			RebuildTransferFunctionScriptingTraits (0ms)
			SetupTypeCache (640ms)
			ReleaseScriptCaches (1ms)
			RebuildScriptCaches (68ms)
			SetupLoadedEditorAssemblies (624ms)
				LogAssemblyErrors (0ms)
				InitializePlatformSupportModulesInManaged (11ms)
				SetLoadedEditorAssemblies (1ms)
				RefreshPlugins (1ms)
				BeforeProcessingInitializeOnLoad (171ms)
				ProcessInitializeOnLoadAttributes (421ms)
				ProcessInitializeOnLoadMethodAttributes (8ms)
				AfterProcessingInitializeOnLoad (12ms)
				EditorAssembliesLoaded (0ms)
			ExecutionOrderSort2 (0ms)
			AwakeInstancesAfterBackupRestoration (17ms)
Platform modules already initialized, skipping
Refreshing native plugins compatible for Editor in 0.71 ms, found 3 plugins.
Preloading 0 native plugins for Editor in 0.00 ms.
Unloading 2119 Unused Serialized files (Serialized files now loaded: 0)
System memory in use before: 96.8 MB.
System memory in use after: 96.9 MB.

Unloading 16 unused Assets to reduce memory usage. Loaded Objects now: 2590.
Total: 4.116000 ms (FindLiveObjects: 0.406500 ms CreateObjectMapping: 0.181100 ms MarkObjects: 3.464700 ms  DeleteObjects: 0.054600 ms)

AssetImportParameters requested are different than current active one (requested -> active):
  custom:framework-win-MediaFoundation: 216162199b28c13a410421893ffa2e32 -> 
  custom:video-decoder-ogg-theora: a1e56fd34408186e4bbccfd4996cb3dc -> 
  custom:container-muxer-webm: aa71ff27fc2769a1b78a27578f13a17b -> 
  custom:container-demuxer-webm: 4f35f7cbe854078d1ac9338744f61a02 -> 
  custom:container-demuxer-ogg: 62fdf1f143b41e24485cea50d1cbac27 -> 
  custom:video-encoder-webm-vp8: eb34c28f22e8b96e1ab97ce403110664 -> 
  custom:video-decoder-webm-vp8: 9c59270c3fd7afecdb556c50c9e8de78 -> 
  custom:audio-decoder-ogg-vorbis: bf7c407c2cedff20999df2af8eb42d56 -> 
  custom:audio-encoder-webm-vorbis: bf7c407c2cedff20999df2af8eb42d56 -> 
========================================================================
Received Prepare
Registering precompiled user dll's ...
Registered in 0.017776 seconds.
Begin MonoManager ReloadAssembly
Native extension for WindowsStandalone target not found
Native extension for WebGL target not found
Refreshing native plugins compatible for Editor in 1.43 ms, found 3 plugins.
Preloading 0 native plugins for Editor in 0.00 ms.
Mono: successfully reloaded assembly
- Completed reload, in  3.948 seconds
Domain Reload Profiling:
	ReloadAssembly (3949ms)
		BeginReloadAssembly (1706ms)
			ExecutionOrderSort (0ms)
			DisableScriptedObjects (31ms)
			BackupInstance (0ms)
			ReleaseScriptingObjects (0ms)
			CreateAndSetChildDomain (1486ms)
		EndReloadAssembly (2085ms)
			LoadAssemblies (222ms)
			RebuildTransferFunctionScriptingTraits (0ms)
			SetupTypeCache (835ms)
			ReleaseScriptCaches (2ms)
			RebuildScriptCaches (99ms)
			SetupLoadedEditorAssemblies (676ms)
				LogAssemblyErrors (0ms)
				InitializePlatformSupportModulesInManaged (10ms)
				SetLoadedEditorAssemblies (2ms)
				RefreshPlugins (2ms)
				BeforeProcessingInitializeOnLoad (186ms)
				ProcessInitializeOnLoadAttributes (459ms)
				ProcessInitializeOnLoadMethodAttributes (8ms)
				AfterProcessingInitializeOnLoad (10ms)
				EditorAssembliesLoaded (0ms)
			ExecutionOrderSort2 (0ms)
			AwakeInstancesAfterBackupRestoration (18ms)
Platform modules already initialized, skipping
Refreshing native plugins compatible for Editor in 0.61 ms, found 3 plugins.
Preloading 0 native plugins for Editor in 0.00 ms.
Unloading 2119 Unused Serialized files (Serialized files now loaded: 0)
System memory in use before: 96.8 MB.
System memory in use after: 96.9 MB.

Unloading 16 unused Assets to reduce memory usage. Loaded Objects now: 2593.
Total: 4.642500 ms (FindLiveObjects: 0.469600 ms CreateObjectMapping: 0.158600 ms MarkObjects: 3.986400 ms  DeleteObjects: 0.025900 ms)

AssetImportParameters requested are different than current active one (requested -> active):
  custom:framework-win-MediaFoundation: 216162199b28c13a410421893ffa2e32 -> 
  custom:video-decoder-ogg-theora: a1e56fd34408186e4bbccfd4996cb3dc -> 
  custom:container-muxer-webm: aa71ff27fc2769a1b78a27578f13a17b -> 
  custom:container-demuxer-webm: 4f35f7cbe854078d1ac9338744f61a02 -> 
  custom:container-demuxer-ogg: 62fdf1f143b41e24485cea50d1cbac27 -> 
  custom:video-encoder-webm-vp8: eb34c28f22e8b96e1ab97ce403110664 -> 
  custom:video-decoder-webm-vp8: 9c59270c3fd7afecdb556c50c9e8de78 -> 
  custom:audio-decoder-ogg-vorbis: bf7c407c2cedff20999df2af8eb42d56 -> 
  custom:audio-encoder-webm-vorbis: bf7c407c2cedff20999df2af8eb42d56 -> 
AssetImportWorkerClient::OnTransportError - code=2 error=End of file
