Using pre-set license
Built from '2020.3/staging' branch; Version is '2020.3.16f1 (049d6eca3c44) revision 302446'; Using compiler version '192528614'; Build Type 'Release'
OS: 'Windows 10 Pro; OS build 19042.1110; Version 2009; 64bit' Language: 'en' Physical Memory: 7967 MB
BatchMode: 1, IsHumanControllingUs: 0, StartBugReporterOnCrash: 0, Is64bit: 1, IsPro: 0

 COMMAND LINE ARGUMENTS:
C:\Program Files\Unity\2020.3.16f1\Editor\Unity.exe
-adb2
-batchMode
-noUpm
-name
AssetImportWorker3
-projectPath
C:/Users/Sam/Documents/GitHub/Dust-Game-Jam/dust-game-jam
-logFile
Logs/AssetImportWorker3.log
-srvPort
53737
Successfully changed project path to: C:/Users/Sam/Documents/GitHub/Dust-Game-Jam/dust-game-jam
C:/Users/Sam/Documents/GitHub/Dust-Game-Jam/dust-game-jam
Using Asset Import Pipeline V2.
Refreshing native plugins compatible for Editor in 359.01 ms, found 3 plugins.
Preloading 0 native plugins for Editor in 0.00 ms.
Initialize engine version: 2020.3.16f1 (049d6eca3c44)
[Subsystems] Discovering subsystems at path C:/Program Files/Unity/2020.3.16f1/Editor/Data/Resources/UnitySubsystems
[Subsystems] Discovering subsystems at path C:/Users/Sam/Documents/GitHub/Dust-Game-Jam/dust-game-jam/Assets
GfxDevice: creating device client; threaded=0
Direct3D:
    Version:  Direct3D 11.0 [level 10.1]
    Renderer: Intel(R) HD Graphics 3000 (ID=0x126)
    Vendor:   
    VRAM:     128 MB
    Driver:   9.17.10.4459
Initialize mono
Mono path[0] = 'C:/Program Files/Unity/2020.3.16f1/Editor/Data/Managed'
Mono path[1] = 'C:/Program Files/Unity/2020.3.16f1/Editor/Data/MonoBleedingEdge/lib/mono/unityjit'
Mono config path = 'C:/Program Files/Unity/2020.3.16f1/Editor/Data/MonoBleedingEdge/etc'
Using monoOptions --debugger-agent=transport=dt_socket,embedding=1,server=y,suspend=n,address=127.0.0.1:56500
Begin MonoManager ReloadAssembly
Registering precompiled unity dll's ...
Register platform support module: C:/Program Files/Unity/2020.3.16f1/Editor/Data/PlaybackEngines/WebGLSupport/UnityEditor.WebGL.Extensions.dll
Register platform support module: C:/Program Files/Unity/2020.3.16f1/Editor/Data/PlaybackEngines/WindowsStandaloneSupport/UnityEditor.WindowsStandalone.Extensions.dll
Registered in 0.004403 seconds.
Native extension for WindowsStandalone target not found
Native extension for WebGL target not found
Refreshing native plugins compatible for Editor in 82.53 ms, found 3 plugins.
Preloading 0 native plugins for Editor in 0.00 ms.
Mono: successfully reloaded assembly
- Completed reload, in  3.519 seconds
Domain Reload Profiling:
	ReloadAssembly (3519ms)
		BeginReloadAssembly (201ms)
			ExecutionOrderSort (0ms)
			DisableScriptedObjects (0ms)
			BackupInstance (0ms)
			ReleaseScriptingObjects (0ms)
			CreateAndSetChildDomain (2ms)
		EndReloadAssembly (813ms)
			LoadAssemblies (194ms)
			RebuildTransferFunctionScriptingTraits (0ms)
			SetupTypeCache (279ms)
			ReleaseScriptCaches (0ms)
			RebuildScriptCaches (64ms)
			SetupLoadedEditorAssemblies (341ms)
				LogAssemblyErrors (0ms)
				InitializePlatformSupportModulesInManaged (8ms)
				SetLoadedEditorAssemblies (0ms)
				RefreshPlugins (83ms)
				BeforeProcessingInitializeOnLoad (20ms)
				ProcessInitializeOnLoadAttributes (156ms)
				ProcessInitializeOnLoadMethodAttributes (74ms)
				AfterProcessingInitializeOnLoad (0ms)
				EditorAssembliesLoaded (0ms)
			ExecutionOrderSort2 (0ms)
			AwakeInstancesAfterBackupRestoration (0ms)
Platform modules already initialized, skipping
Registering precompiled user dll's ...
Registered in 0.024520 seconds.
Begin MonoManager ReloadAssembly
Native extension for WindowsStandalone target not found
Native extension for WebGL target not found
Refreshing native plugins compatible for Editor in 86.81 ms, found 3 plugins.
Preloading 0 native plugins for Editor in 0.00 ms.
Mono: successfully reloaded assembly
- Completed reload, in  3.539 seconds
Domain Reload Profiling:
	ReloadAssembly (3541ms)
		BeginReloadAssembly (311ms)
			ExecutionOrderSort (0ms)
			DisableScriptedObjects (8ms)
			BackupInstance (0ms)
			ReleaseScriptingObjects (0ms)
			CreateAndSetChildDomain (29ms)
		EndReloadAssembly (3104ms)
			LoadAssemblies (318ms)
			RebuildTransferFunctionScriptingTraits (0ms)
			SetupTypeCache (1511ms)
			ReleaseScriptCaches (1ms)
			RebuildScriptCaches (166ms)
			SetupLoadedEditorAssemblies (812ms)
				LogAssemblyErrors (0ms)
				InitializePlatformSupportModulesInManaged (9ms)
				SetLoadedEditorAssemblies (0ms)
				RefreshPlugins (87ms)
				BeforeProcessingInitializeOnLoad (142ms)
				ProcessInitializeOnLoadAttributes (538ms)
				ProcessInitializeOnLoadMethodAttributes (25ms)
				AfterProcessingInitializeOnLoad (10ms)
				EditorAssembliesLoaded (0ms)
			ExecutionOrderSort2 (0ms)
			AwakeInstancesAfterBackupRestoration (13ms)
Platform modules already initialized, skipping
========================================================================
Worker process is ready to serve import requests
Launched and connected shader compiler UnityShaderCompiler.exe after 0.16 seconds
Refreshing native plugins compatible for Editor in 0.81 ms, found 3 plugins.
Preloading 0 native plugins for Editor in 0.00 ms.
Unloading 2125 Unused Serialized files (Serialized files now loaded: 0)
System memory in use before: 94.2 MB.
System memory in use after: 94.3 MB.

Unloading 28 unused Assets to reduce memory usage. Loaded Objects now: 2564.
Total: 4.935900 ms (FindLiveObjects: 0.226800 ms CreateObjectMapping: 0.093000 ms MarkObjects: 4.487000 ms  DeleteObjects: 0.125600 ms)

AssetImportParameters requested are different than current active one (requested -> active):
  custom:framework-win-MediaFoundation: 216162199b28c13a410421893ffa2e32 -> 
  custom:video-decoder-ogg-theora: a1e56fd34408186e4bbccfd4996cb3dc -> 
  custom:container-muxer-webm: aa71ff27fc2769a1b78a27578f13a17b -> 
  custom:container-demuxer-webm: 4f35f7cbe854078d1ac9338744f61a02 -> 
  custom:container-demuxer-ogg: 62fdf1f143b41e24485cea50d1cbac27 -> 
  custom:video-encoder-webm-vp8: eb34c28f22e8b96e1ab97ce403110664 -> 
  custom:video-decoder-webm-vp8: 9c59270c3fd7afecdb556c50c9e8de78 -> 
  custom:audio-decoder-ogg-vorbis: bf7c407c2cedff20999df2af8eb42d56 -> 
  custom:audio-encoder-webm-vorbis: bf7c407c2cedff20999df2af8eb42d56 -> 
========================================================================
Received Import Request.
  path: Assets/Scripts/Enemy/basicEnemy.cs
  artifactKey: Guid(58b7244a8c7c75e4e93d7b39a10b3da2) Importer(815301076,1909f56bfc062723c751e8b465ee728b)
Start importing Assets/Scripts/Enemy/basicEnemy.cs using Guid(58b7244a8c7c75e4e93d7b39a10b3da2) Importer(815301076,1909f56bfc062723c751e8b465ee728b)  -> (artifact id: 'e1918e4e622cfc5e4941fa63b9735a11') in 0.061878 seconds 
  Import took 0.081536 seconds .

========================================================================
Received Import Request.
  Time since last request: 50.865806 seconds.
  path: Assets/Images/ARCANE.png
  artifactKey: Guid(ed6dd1e41800be84082ecd0acfdbcb58) Importer(815301076,1909f56bfc062723c751e8b465ee728b)
Start importing Assets/Images/ARCANE.png using Guid(ed6dd1e41800be84082ecd0acfdbcb58) Importer(815301076,1909f56bfc062723c751e8b465ee728b)  -> (artifact id: '97704123ea04d0b849b694c88813d23f') in 0.210676 seconds 
  Import took 0.218579 seconds .

========================================================================
Received Import Request.
  Time since last request: 0.000383 seconds.
  path: Assets/Images/BONE (asset).png
  artifactKey: Guid(c5fbc1e5a578eca49a6a17fc4bfd8b25) Importer(815301076,1909f56bfc062723c751e8b465ee728b)
Start importing Assets/Images/BONE (asset).png using Guid(c5fbc1e5a578eca49a6a17fc4bfd8b25) Importer(815301076,1909f56bfc062723c751e8b465ee728b)  -> (artifact id: 'aa1ed3f67b2cf6e300f959ae97adaf0f') in 0.033210 seconds 
  Import took 0.042459 seconds .

========================================================================
Received Import Request.
  Time since last request: 0.000300 seconds.
  path: Assets/Images/RIBCAGE UPSIDE DOWN aa 1.png
  artifactKey: Guid(0eef2be175838764d8f24049a90b7cff) Importer(815301076,1909f56bfc062723c751e8b465ee728b)
Start importing Assets/Images/RIBCAGE UPSIDE DOWN aa 1.png using Guid(0eef2be175838764d8f24049a90b7cff) Importer(815301076,1909f56bfc062723c751e8b465ee728b)  -> (artifact id: 'adb170e0bd1a9bfe918e576203eb9a58') in 0.044136 seconds 
  Import took 0.053279 seconds .

========================================================================
Received Import Request.
  Time since last request: 0.000274 seconds.
  path: Assets/Images/IRON (asset).png
  artifactKey: Guid(8d4f69856d73d3d4aae181b7e948b666) Importer(815301076,1909f56bfc062723c751e8b465ee728b)
Start importing Assets/Images/IRON (asset).png using Guid(8d4f69856d73d3d4aae181b7e948b666) Importer(815301076,1909f56bfc062723c751e8b465ee728b)  -> (artifact id: '7cbc3f9fb9c590f2be5142ca9b8d3fe0') in 0.036199 seconds 
  Import took 0.044839 seconds .

========================================================================
Received Import Request.
  Time since last request: 1.335065 seconds.
  path: Assets/Images/ROOMSHIDDEN1-0001.png
  artifactKey: Guid(98515dd6fc2a6b844ad93f03949ca6a7) Importer(815301076,1909f56bfc062723c751e8b465ee728b)
Start importing Assets/Images/ROOMSHIDDEN1-0001.png using Guid(98515dd6fc2a6b844ad93f03949ca6a7) Importer(815301076,1909f56bfc062723c751e8b465ee728b)  -> (artifact id: '4d41bedb7b8aaf67c400afc6c8f46a6d') in 0.043668 seconds 
  Import took 0.053773 seconds .

========================================================================
Received Import Request.
  Time since last request: 0.057051 seconds.
  path: Assets/Images/RoomTunnels1.png
  artifactKey: Guid(d63925e490105484ba6e8e942c4e5b0b) Importer(815301076,1909f56bfc062723c751e8b465ee728b)
Start importing Assets/Images/RoomTunnels1.png using Guid(d63925e490105484ba6e8e942c4e5b0b) Importer(815301076,1909f56bfc062723c751e8b465ee728b)  -> (artifact id: '56972d9534099cf432b1adbfbd4a7f7e') in 0.045542 seconds 
  Import took 0.055706 seconds .

========================================================================
Received Import Request.
  Time since last request: 0.000426 seconds.
  path: Assets/Images/RoomTunnels3.png
  artifactKey: Guid(ed2b38bef9b9d2f4d9bd761143dd060b) Importer(815301076,1909f56bfc062723c751e8b465ee728b)
Start importing Assets/Images/RoomTunnels3.png using Guid(ed2b38bef9b9d2f4d9bd761143dd060b) Importer(815301076,1909f56bfc062723c751e8b465ee728b)  -> (artifact id: '515fef645955814df1f72af6bdd2b89b') in 0.066348 seconds 
  Import took 0.078758 seconds .

========================================================================
Received Import Request.
  Time since last request: 0.000521 seconds.
  path: Assets/Images/RoomTunnels1.png
  artifactKey: Guid(d63925e490105484ba6e8e942c4e5b0b) Importer(815301076,1909f56bfc062723c751e8b465ee728b)
Start importing Assets/Images/RoomTunnels1.png using Guid(d63925e490105484ba6e8e942c4e5b0b) Importer(815301076,1909f56bfc062723c751e8b465ee728b)  -> (artifact id: '56972d9534099cf432b1adbfbd4a7f7e') in 0.039233 seconds 
  Import took 0.049906 seconds .

========================================================================
Received Import Request.
  Time since last request: 0.000283 seconds.
  path: Assets/Images/RoomTunnels3.png
  artifactKey: Guid(ed2b38bef9b9d2f4d9bd761143dd060b) Importer(815301076,1909f56bfc062723c751e8b465ee728b)
Start importing Assets/Images/RoomTunnels3.png using Guid(ed2b38bef9b9d2f4d9bd761143dd060b) Importer(815301076,1909f56bfc062723c751e8b465ee728b)  -> (artifact id: '515fef645955814df1f72af6bdd2b89b') in 0.034787 seconds 
  Import took 0.041552 seconds .

========================================================================
Received Import Request.
  Time since last request: 0.041061 seconds.
  path: Assets/Images/SKYBOX (DAY CYCLE)1.png
  artifactKey: Guid(96da945a3110b2140b1f7042641cfcb7) Importer(815301076,1909f56bfc062723c751e8b465ee728b)
Start importing Assets/Images/SKYBOX (DAY CYCLE)1.png using Guid(96da945a3110b2140b1f7042641cfcb7) Importer(815301076,1909f56bfc062723c751e8b465ee728b)  -> (artifact id: 'ac95c74fede4db937f5754b9f60bcb2f') in 0.047049 seconds 
  Import took 0.055446 seconds .

========================================================================
Received Import Request.
  Time since last request: 0.388554 seconds.
  path: Assets/Images/STONE (asset).png
  artifactKey: Guid(d45864064711f0147931fa5077765ddd) Importer(815301076,1909f56bfc062723c751e8b465ee728b)
Start importing Assets/Images/STONE (asset).png using Guid(d45864064711f0147931fa5077765ddd) Importer(815301076,1909f56bfc062723c751e8b465ee728b)  -> (artifact id: 'e0422ee6e6a6ae76626119095fa6cec5') in 0.032589 seconds 
  Import took 0.042643 seconds .

========================================================================
Received Import Request.
  Time since last request: 0.000990 seconds.
  path: Assets/Images/STONE (asset).png
  artifactKey: Guid(d45864064711f0147931fa5077765ddd) Importer(815301076,1909f56bfc062723c751e8b465ee728b)
Start importing Assets/Images/STONE (asset).png using Guid(d45864064711f0147931fa5077765ddd) Importer(815301076,1909f56bfc062723c751e8b465ee728b)  -> (artifact id: 'e0422ee6e6a6ae76626119095fa6cec5') in 0.027178 seconds 
  Import took 0.034993 seconds .

========================================================================
Received Import Request.
  Time since last request: 0.088472 seconds.
  path: Assets/Images/WELL MOVING .gif
  artifactKey: Guid(a71b3e7864097da4bb5961d2c38a4810) Importer(815301076,1909f56bfc062723c751e8b465ee728b)
Start importing Assets/Images/WELL MOVING .gif using Guid(a71b3e7864097da4bb5961d2c38a4810) Importer(815301076,1909f56bfc062723c751e8b465ee728b)  -> (artifact id: '44d1be47acb0973652163873a87b600a') in 0.036129 seconds 
  Import took 0.046760 seconds .

========================================================================
Received Import Request.
  Time since last request: 106.017040 seconds.
  path: Assets/Images/animations
  artifactKey: Guid(e1e44a8af2bf8c843b9197e422c2de55) Importer(815301076,1909f56bfc062723c751e8b465ee728b)
Start importing Assets/Images/animations using Guid(e1e44a8af2bf8c843b9197e422c2de55) Importer(815301076,1909f56bfc062723c751e8b465ee728b)  -> (artifact id: 'f38b785b60b70e2f8e6016cbc02d007d') in 0.012505 seconds 
  Import took 0.025928 seconds .

========================================================================
Received Prepare
Registering precompiled user dll's ...
Registered in 0.016752 seconds.
Begin MonoManager ReloadAssembly
Native extension for WindowsStandalone target not found
Native extension for WebGL target not found
Refreshing native plugins compatible for Editor in 1.17 ms, found 3 plugins.
Preloading 0 native plugins for Editor in 0.00 ms.
Mono: successfully reloaded assembly
- Completed reload, in  2.503 seconds
Domain Reload Profiling:
	ReloadAssembly (2503ms)
		BeginReloadAssembly (236ms)
			ExecutionOrderSort (0ms)
			DisableScriptedObjects (12ms)
			BackupInstance (0ms)
			ReleaseScriptingObjects (0ms)
			CreateAndSetChildDomain (83ms)
		EndReloadAssembly (2098ms)
			LoadAssemblies (176ms)
			RebuildTransferFunctionScriptingTraits (0ms)
			SetupTypeCache (693ms)
			ReleaseScriptCaches (2ms)
			RebuildScriptCaches (105ms)
			SetupLoadedEditorAssemblies (816ms)
				LogAssemblyErrors (0ms)
				InitializePlatformSupportModulesInManaged (12ms)
				SetLoadedEditorAssemblies (1ms)
				RefreshPlugins (1ms)
				BeforeProcessingInitializeOnLoad (207ms)
				ProcessInitializeOnLoadAttributes (568ms)
				ProcessInitializeOnLoadMethodAttributes (12ms)
				AfterProcessingInitializeOnLoad (14ms)
				EditorAssembliesLoaded (0ms)
			ExecutionOrderSort2 (0ms)
			AwakeInstancesAfterBackupRestoration (25ms)
Platform modules already initialized, skipping
Refreshing native plugins compatible for Editor in 1.53 ms, found 3 plugins.
Preloading 0 native plugins for Editor in 0.00 ms.
Unloading 2115 Unused Serialized files (Serialized files now loaded: 0)
System memory in use before: 96.6 MB.
System memory in use after: 96.7 MB.

Unloading 16 unused Assets to reduce memory usage. Loaded Objects now: 2575.
Total: 13.191800 ms (FindLiveObjects: 1.160300 ms CreateObjectMapping: 0.369800 ms MarkObjects: 11.576000 ms  DeleteObjects: 0.078300 ms)

AssetImportParameters requested are different than current active one (requested -> active):
  custom:framework-win-MediaFoundation: 216162199b28c13a410421893ffa2e32 -> 
  custom:video-decoder-ogg-theora: a1e56fd34408186e4bbccfd4996cb3dc -> 
  custom:container-muxer-webm: aa71ff27fc2769a1b78a27578f13a17b -> 
  custom:container-demuxer-webm: 4f35f7cbe854078d1ac9338744f61a02 -> 
  custom:container-demuxer-ogg: 62fdf1f143b41e24485cea50d1cbac27 -> 
  custom:video-encoder-webm-vp8: eb34c28f22e8b96e1ab97ce403110664 -> 
  custom:video-decoder-webm-vp8: 9c59270c3fd7afecdb556c50c9e8de78 -> 
  custom:audio-decoder-ogg-vorbis: bf7c407c2cedff20999df2af8eb42d56 -> 
  custom:audio-encoder-webm-vorbis: bf7c407c2cedff20999df2af8eb42d56 -> 
========================================================================
Received Prepare
Registering precompiled user dll's ...
Registered in 0.061523 seconds.
Begin MonoManager ReloadAssembly
Native extension for WindowsStandalone target not found
Native extension for WebGL target not found
Refreshing native plugins compatible for Editor in 1.50 ms, found 3 plugins.
Preloading 0 native plugins for Editor in 0.00 ms.
Mono: successfully reloaded assembly
- Completed reload, in  4.165 seconds
Domain Reload Profiling:
	ReloadAssembly (4166ms)
		BeginReloadAssembly (493ms)
			ExecutionOrderSort (0ms)
			DisableScriptedObjects (22ms)
			BackupInstance (0ms)
			ReleaseScriptingObjects (1ms)
			CreateAndSetChildDomain (201ms)
		EndReloadAssembly (3462ms)
			LoadAssemblies (350ms)
			RebuildTransferFunctionScriptingTraits (0ms)
			SetupTypeCache (1033ms)
			ReleaseScriptCaches (2ms)
			RebuildScriptCaches (155ms)
			SetupLoadedEditorAssemblies (1538ms)
				LogAssemblyErrors (0ms)
				InitializePlatformSupportModulesInManaged (24ms)
				SetLoadedEditorAssemblies (1ms)
				RefreshPlugins (2ms)
				BeforeProcessingInitializeOnLoad (374ms)
				ProcessInitializeOnLoadAttributes (1094ms)
				ProcessInitializeOnLoadMethodAttributes (24ms)
				AfterProcessingInitializeOnLoad (19ms)
				EditorAssembliesLoaded (1ms)
			ExecutionOrderSort2 (0ms)
			AwakeInstancesAfterBackupRestoration (38ms)
Platform modules already initialized, skipping
Refreshing native plugins compatible for Editor in 1.61 ms, found 3 plugins.
Preloading 0 native plugins for Editor in 0.00 ms.
Unloading 2115 Unused Serialized files (Serialized files now loaded: 0)
System memory in use before: 96.6 MB.
System memory in use after: 96.8 MB.

Unloading 16 unused Assets to reduce memory usage. Loaded Objects now: 2578.
Total: 9.052900 ms (FindLiveObjects: 0.274700 ms CreateObjectMapping: 0.131100 ms MarkObjects: 8.567700 ms  DeleteObjects: 0.075200 ms)

AssetImportParameters requested are different than current active one (requested -> active):
  custom:framework-win-MediaFoundation: 216162199b28c13a410421893ffa2e32 -> 
  custom:video-decoder-ogg-theora: a1e56fd34408186e4bbccfd4996cb3dc -> 
  custom:container-muxer-webm: aa71ff27fc2769a1b78a27578f13a17b -> 
  custom:container-demuxer-webm: 4f35f7cbe854078d1ac9338744f61a02 -> 
  custom:container-demuxer-ogg: 62fdf1f143b41e24485cea50d1cbac27 -> 
  custom:video-encoder-webm-vp8: eb34c28f22e8b96e1ab97ce403110664 -> 
  custom:video-decoder-webm-vp8: 9c59270c3fd7afecdb556c50c9e8de78 -> 
  custom:audio-decoder-ogg-vorbis: bf7c407c2cedff20999df2af8eb42d56 -> 
  custom:audio-encoder-webm-vorbis: bf7c407c2cedff20999df2af8eb42d56 -> 
========================================================================
Received Prepare
Registering precompiled user dll's ...
Registered in 0.007614 seconds.
Begin MonoManager ReloadAssembly
Native extension for WindowsStandalone target not found
Native extension for WebGL target not found
Refreshing native plugins compatible for Editor in 0.96 ms, found 3 plugins.
Preloading 0 native plugins for Editor in 0.00 ms.
Mono: successfully reloaded assembly
- Completed reload, in  1.887 seconds
Domain Reload Profiling:
	ReloadAssembly (1888ms)
		BeginReloadAssembly (222ms)
			ExecutionOrderSort (0ms)
			DisableScriptedObjects (12ms)
			BackupInstance (0ms)
			ReleaseScriptingObjects (0ms)
			CreateAndSetChildDomain (70ms)
		EndReloadAssembly (1563ms)
			LoadAssemblies (175ms)
			RebuildTransferFunctionScriptingTraits (0ms)
			SetupTypeCache (481ms)
			ReleaseScriptCaches (2ms)
			RebuildScriptCaches (75ms)
			SetupLoadedEditorAssemblies (678ms)
				LogAssemblyErrors (0ms)
				InitializePlatformSupportModulesInManaged (10ms)
				SetLoadedEditorAssemblies (1ms)
				RefreshPlugins (1ms)
				BeforeProcessingInitializeOnLoad (184ms)
				ProcessInitializeOnLoadAttributes (463ms)
				ProcessInitializeOnLoadMethodAttributes (9ms)
				AfterProcessingInitializeOnLoad (9ms)
				EditorAssembliesLoaded (0ms)
			ExecutionOrderSort2 (0ms)
			AwakeInstancesAfterBackupRestoration (19ms)
Platform modules already initialized, skipping
Refreshing native plugins compatible for Editor in 0.79 ms, found 3 plugins.
Preloading 0 native plugins for Editor in 0.00 ms.
Unloading 2115 Unused Serialized files (Serialized files now loaded: 0)
System memory in use before: 96.7 MB.
System memory in use after: 96.8 MB.

Unloading 16 unused Assets to reduce memory usage. Loaded Objects now: 2581.
Total: 7.059400 ms (FindLiveObjects: 0.224800 ms CreateObjectMapping: 0.092900 ms MarkObjects: 6.701600 ms  DeleteObjects: 0.037900 ms)

AssetImportParameters requested are different than current active one (requested -> active):
  custom:framework-win-MediaFoundation: 216162199b28c13a410421893ffa2e32 -> 
  custom:video-decoder-ogg-theora: a1e56fd34408186e4bbccfd4996cb3dc -> 
  custom:container-muxer-webm: aa71ff27fc2769a1b78a27578f13a17b -> 
  custom:container-demuxer-webm: 4f35f7cbe854078d1ac9338744f61a02 -> 
  custom:container-demuxer-ogg: 62fdf1f143b41e24485cea50d1cbac27 -> 
  custom:video-encoder-webm-vp8: eb34c28f22e8b96e1ab97ce403110664 -> 
  custom:video-decoder-webm-vp8: 9c59270c3fd7afecdb556c50c9e8de78 -> 
  custom:audio-decoder-ogg-vorbis: bf7c407c2cedff20999df2af8eb42d56 -> 
  custom:audio-encoder-webm-vorbis: bf7c407c2cedff20999df2af8eb42d56 -> 
========================================================================
Received Prepare
Registering precompiled user dll's ...
Registered in 0.011326 seconds.
Begin MonoManager ReloadAssembly
Native extension for WindowsStandalone target not found
Native extension for WebGL target not found
Refreshing native plugins compatible for Editor in 1.61 ms, found 3 plugins.
Preloading 0 native plugins for Editor in 0.00 ms.
Mono: successfully reloaded assembly
- Completed reload, in  3.296 seconds
Domain Reload Profiling:
	ReloadAssembly (3297ms)
		BeginReloadAssembly (311ms)
			ExecutionOrderSort (0ms)
			DisableScriptedObjects (21ms)
			BackupInstance (0ms)
			ReleaseScriptingObjects (0ms)
			CreateAndSetChildDomain (104ms)
		EndReloadAssembly (2800ms)
			LoadAssemblies (299ms)
			RebuildTransferFunctionScriptingTraits (0ms)
			SetupTypeCache (810ms)
			ReleaseScriptCaches (3ms)
			RebuildScriptCaches (153ms)
			SetupLoadedEditorAssemblies (1213ms)
				LogAssemblyErrors (0ms)
				InitializePlatformSupportModulesInManaged (24ms)
				SetLoadedEditorAssemblies (2ms)
				RefreshPlugins (2ms)
				BeforeProcessingInitializeOnLoad (278ms)
				ProcessInitializeOnLoadAttributes (870ms)
				ProcessInitializeOnLoadMethodAttributes (20ms)
				AfterProcessingInitializeOnLoad (16ms)
				EditorAssembliesLoaded (1ms)
			ExecutionOrderSort2 (0ms)
			AwakeInstancesAfterBackupRestoration (55ms)
Platform modules already initialized, skipping
Refreshing native plugins compatible for Editor in 4.26 ms, found 3 plugins.
Preloading 0 native plugins for Editor in 0.00 ms.
Unloading 2115 Unused Serialized files (Serialized files now loaded: 0)
System memory in use before: 96.7 MB.
System memory in use after: 96.8 MB.

Unloading 16 unused Assets to reduce memory usage. Loaded Objects now: 2584.
Total: 22.445500 ms (FindLiveObjects: 0.921700 ms CreateObjectMapping: 0.356500 ms MarkObjects: 21.106700 ms  DeleteObjects: 0.056900 ms)

AssetImportParameters requested are different than current active one (requested -> active):
  custom:framework-win-MediaFoundation: 216162199b28c13a410421893ffa2e32 -> 
  custom:video-decoder-ogg-theora: a1e56fd34408186e4bbccfd4996cb3dc -> 
  custom:container-muxer-webm: aa71ff27fc2769a1b78a27578f13a17b -> 
  custom:container-demuxer-webm: 4f35f7cbe854078d1ac9338744f61a02 -> 
  custom:container-demuxer-ogg: 62fdf1f143b41e24485cea50d1cbac27 -> 
  custom:video-encoder-webm-vp8: eb34c28f22e8b96e1ab97ce403110664 -> 
  custom:video-decoder-webm-vp8: 9c59270c3fd7afecdb556c50c9e8de78 -> 
  custom:audio-decoder-ogg-vorbis: bf7c407c2cedff20999df2af8eb42d56 -> 
  custom:audio-encoder-webm-vorbis: bf7c407c2cedff20999df2af8eb42d56 -> 
========================================================================
Received Import Request.
  Time since last request: 968.145726 seconds.
  path: Assets/Images/animations/pawn
  artifactKey: Guid(3ab3ff148e8af0f4bb88314bfc11a0d1) Importer(815301076,1909f56bfc062723c751e8b465ee728b)
Start importing Assets/Images/animations/pawn using Guid(3ab3ff148e8af0f4bb88314bfc11a0d1) Importer(815301076,1909f56bfc062723c751e8b465ee728b)  -> (artifact id: 'd1820b02ede921b939c7356e938769a3') in 0.019431 seconds 
  Import took 0.025835 seconds .

========================================================================
Received Import Request.
  Time since last request: 0.001136 seconds.
  path: Assets/Images/animations/pawn
  artifactKey: Guid(3ab3ff148e8af0f4bb88314bfc11a0d1) Importer(815301076,1909f56bfc062723c751e8b465ee728b)
Start importing Assets/Images/animations/pawn using Guid(3ab3ff148e8af0f4bb88314bfc11a0d1) Importer(815301076,1909f56bfc062723c751e8b465ee728b)  -> (artifact id: 'd1820b02ede921b939c7356e938769a3') in 0.006885 seconds 
  Import took 0.012912 seconds .

========================================================================
Received Import Request.
  Time since last request: 7.431134 seconds.
  path: Assets/Images/animations/pawn/walk
  artifactKey: Guid(ae43a248f1f944449bd3971e0ca56296) Importer(815301076,1909f56bfc062723c751e8b465ee728b)
Start importing Assets/Images/animations/pawn/walk using Guid(ae43a248f1f944449bd3971e0ca56296) Importer(815301076,1909f56bfc062723c751e8b465ee728b)  -> (artifact id: '0abfc537348bd935f512a68f0f25e7f7') in 0.015983 seconds 
  Import took 0.025120 seconds .

========================================================================
Received Import Request.
  Time since last request: 0.001329 seconds.
  path: Assets/Images/animations/pawn/walk
  artifactKey: Guid(ae43a248f1f944449bd3971e0ca56296) Importer(815301076,1909f56bfc062723c751e8b465ee728b)
Start importing Assets/Images/animations/pawn/walk using Guid(ae43a248f1f944449bd3971e0ca56296) Importer(815301076,1909f56bfc062723c751e8b465ee728b)  -> (artifact id: '0abfc537348bd935f512a68f0f25e7f7') in 0.005595 seconds 
  Import took 0.014193 seconds .

========================================================================
Received Import Request.
  Time since last request: 0.140672 seconds.
  path: Assets/Images/animations/pawn/walk/Walk10.png
  artifactKey: Guid(c461cae7d11babc4f99e2821595a526e) Importer(815301076,1909f56bfc062723c751e8b465ee728b)
Start importing Assets/Images/animations/pawn/walk/Walk10.png using Guid(c461cae7d11babc4f99e2821595a526e) Importer(815301076,1909f56bfc062723c751e8b465ee728b)  -> (artifact id: '44f0ae3474830a51e18b8b4f33e162aa') in 0.095247 seconds 
  Import took 0.101743 seconds .

========================================================================
Received Import Request.
  Time since last request: 0.000416 seconds.
  path: Assets/Images/animations/pawn/walk/Walk13.png
  artifactKey: Guid(4988956dc4e359841bb63a4cd9a7524c) Importer(815301076,1909f56bfc062723c751e8b465ee728b)
Start importing Assets/Images/animations/pawn/walk/Walk13.png using Guid(4988956dc4e359841bb63a4cd9a7524c) Importer(815301076,1909f56bfc062723c751e8b465ee728b)  -> (artifact id: '621aad3c892d7b62c24ba4e12db1773a') in 0.032942 seconds 
  Import took 0.037938 seconds .

========================================================================
Received Import Request.
  Time since last request: 0.000408 seconds.
  path: Assets/Images/animations/pawn/walk/Walk14.png
  artifactKey: Guid(437035d3c2a3ea84e8b9b37687c2e084) Importer(815301076,1909f56bfc062723c751e8b465ee728b)
Start importing Assets/Images/animations/pawn/walk/Walk14.png using Guid(437035d3c2a3ea84e8b9b37687c2e084) Importer(815301076,1909f56bfc062723c751e8b465ee728b)  -> (artifact id: '45a06c2061e63f975fdfc7a6252a6d14') in 0.051109 seconds 
  Import took 0.061181 seconds .

========================================================================
Received Import Request.
  Time since last request: 0.000360 seconds.
  path: Assets/Images/animations/pawn/walk/Walk12.png
  artifactKey: Guid(ceefd08267d49ee4a94c27fd0ab08cc7) Importer(815301076,1909f56bfc062723c751e8b465ee728b)
Start importing Assets/Images/animations/pawn/walk/Walk12.png using Guid(ceefd08267d49ee4a94c27fd0ab08cc7) Importer(815301076,1909f56bfc062723c751e8b465ee728b)  -> (artifact id: '5ae452c963e3d2b9dd7176a9ae863d86') in 0.054828 seconds 
  Import took 0.061004 seconds .

========================================================================
Received Import Request.
  Time since last request: 0.000485 seconds.
  path: Assets/Images/animations/pawn/walk/Walk11.png
  artifactKey: Guid(719a868d652d0004b84251f67a73c47d) Importer(815301076,1909f56bfc062723c751e8b465ee728b)
Start importing Assets/Images/animations/pawn/walk/Walk11.png using Guid(719a868d652d0004b84251f67a73c47d) Importer(815301076,1909f56bfc062723c751e8b465ee728b)  -> (artifact id: '2f109f29afb5cf9a08cd9ea88b64dd15') in 0.055898 seconds 
  Import took 0.063208 seconds .

========================================================================
Received Import Request.
  Time since last request: 1.344014 seconds.
  path: Assets/Images/animations/pawn/walk/Walk09.png
  artifactKey: Guid(fd94dc7c427bce845b238b933e977c1a) Importer(815301076,1909f56bfc062723c751e8b465ee728b)
Start importing Assets/Images/animations/pawn/walk/Walk09.png using Guid(fd94dc7c427bce845b238b933e977c1a) Importer(815301076,1909f56bfc062723c751e8b465ee728b)  -> (artifact id: 'e8e340fc77f846ad229631cbfda0db9c') in 0.031928 seconds 
  Import took 0.040775 seconds .

========================================================================
Received Import Request.
  Time since last request: 10.941739 seconds.
  path: Assets/Images/animations/pawn/walk/Walk15.png
  artifactKey: Guid(1bd9027983c1a454499131ebc3a35643) Importer(815301076,1909f56bfc062723c751e8b465ee728b)
Start importing Assets/Images/animations/pawn/walk/Walk15.png using Guid(1bd9027983c1a454499131ebc3a35643) Importer(815301076,1909f56bfc062723c751e8b465ee728b)  -> (artifact id: '4bd5a2cc27a49ccabbe0106f6dc75f90') in 0.034554 seconds 
  Import took 0.040884 seconds .

========================================================================
Received Import Request.
  Time since last request: 0.000308 seconds.
  path: Assets/Images/animations/pawn/walk/Walk16.png
  artifactKey: Guid(45bb693b376f532438c4b4ebadae6318) Importer(815301076,1909f56bfc062723c751e8b465ee728b)
Start importing Assets/Images/animations/pawn/walk/Walk16.png using Guid(45bb693b376f532438c4b4ebadae6318) Importer(815301076,1909f56bfc062723c751e8b465ee728b)  -> (artifact id: '78526084b60b46ad2764389b707b7ac1') in 0.034409 seconds 
  Import took 0.042188 seconds .

========================================================================
Received Import Request.
  Time since last request: 0.000123 seconds.
  path: Assets/Images/animations/pawn/walk/Walk15.png
  artifactKey: Guid(1bd9027983c1a454499131ebc3a35643) Importer(815301076,1909f56bfc062723c751e8b465ee728b)
Start importing Assets/Images/animations/pawn/walk/Walk15.png using Guid(1bd9027983c1a454499131ebc3a35643) Importer(815301076,1909f56bfc062723c751e8b465ee728b)  -> (artifact id: '4bd5a2cc27a49ccabbe0106f6dc75f90') in 0.040017 seconds 
  Import took 0.049534 seconds .

========================================================================
Received Import Request.
  Time since last request: 0.015327 seconds.
  path: Assets/Images/animations/pawn/walk/Walk16.png
  artifactKey: Guid(45bb693b376f532438c4b4ebadae6318) Importer(815301076,1909f56bfc062723c751e8b465ee728b)
Start importing Assets/Images/animations/pawn/walk/Walk16.png using Guid(45bb693b376f532438c4b4ebadae6318) Importer(815301076,1909f56bfc062723c751e8b465ee728b)  -> (artifact id: '78526084b60b46ad2764389b707b7ac1') in 0.028331 seconds 
  Import took 0.036039 seconds .

========================================================================
Received Import Request.
  Time since last request: 4.230238 seconds.
  path: Assets/Images/animations/pawn/walk/Walk08.png
  artifactKey: Guid(e1459059ca29aa74a95ea0fd52fa6f2f) Importer(815301076,1909f56bfc062723c751e8b465ee728b)
Start importing Assets/Images/animations/pawn/walk/Walk08.png using Guid(e1459059ca29aa74a95ea0fd52fa6f2f) Importer(815301076,1909f56bfc062723c751e8b465ee728b)  -> (artifact id: '9f0205eda2c5cb16f821cadcd20628e2') in 0.036212 seconds 
  Import took 0.042711 seconds .

========================================================================
Received Import Request.
  Time since last request: 0.000287 seconds.
  path: Assets/Images/animations/pawn/walk/Walk07.png
  artifactKey: Guid(f085edaf38fc6304590afb1973a83037) Importer(815301076,1909f56bfc062723c751e8b465ee728b)
Start importing Assets/Images/animations/pawn/walk/Walk07.png using Guid(f085edaf38fc6304590afb1973a83037) Importer(815301076,1909f56bfc062723c751e8b465ee728b)  -> (artifact id: '4b1dc1d8b67b160aae6b8bb36d0b16f9') in 0.033132 seconds 
  Import took 0.038210 seconds .

========================================================================
Received Import Request.
  Time since last request: 0.068041 seconds.
  path: Assets/Images/animations/pawn/walk/Walk06.png
  artifactKey: Guid(8af0a99d59c96b245b0517cc24d4812b) Importer(815301076,1909f56bfc062723c751e8b465ee728b)
Start importing Assets/Images/animations/pawn/walk/Walk06.png using Guid(8af0a99d59c96b245b0517cc24d4812b) Importer(815301076,1909f56bfc062723c751e8b465ee728b)  -> (artifact id: 'e0dd3b874b22b6776952c0939fba5ba7') in 0.042715 seconds 
  Import took 0.048680 seconds .

========================================================================
Received Import Request.
  Time since last request: 0.030068 seconds.
  path: Assets/Images/animations/pawn/walk/Walk03.png
  artifactKey: Guid(2c8cedec841750448aeaca540dad4e07) Importer(815301076,1909f56bfc062723c751e8b465ee728b)
Start importing Assets/Images/animations/pawn/walk/Walk03.png using Guid(2c8cedec841750448aeaca540dad4e07) Importer(815301076,1909f56bfc062723c751e8b465ee728b)  -> (artifact id: 'f821827190225a4cfd96db7dc2a1fbc3') in 0.043077 seconds 
  Import took 0.053521 seconds .

========================================================================
Received Import Request.
  Time since last request: 0.000173 seconds.
  path: Assets/Images/animations/pawn/walk/Walk04.png
  artifactKey: Guid(48d35558a8cb94d4ca8c62fe92772497) Importer(815301076,1909f56bfc062723c751e8b465ee728b)
Start importing Assets/Images/animations/pawn/walk/Walk04.png using Guid(48d35558a8cb94d4ca8c62fe92772497) Importer(815301076,1909f56bfc062723c751e8b465ee728b)  -> (artifact id: 'd331efe026a5b2c18af1647c3142c1c1') in 0.036234 seconds 
  Import took 0.043230 seconds .

========================================================================
Received Import Request.
  Time since last request: 0.000373 seconds.
  path: Assets/Images/animations/pawn/walk/Walk05.png
  artifactKey: Guid(9f8aa322d8a97954380bc2d475f5d164) Importer(815301076,1909f56bfc062723c751e8b465ee728b)
Start importing Assets/Images/animations/pawn/walk/Walk05.png using Guid(9f8aa322d8a97954380bc2d475f5d164) Importer(815301076,1909f56bfc062723c751e8b465ee728b)  -> (artifact id: '0f8681b892bae30cba09caad18f55695') in 0.049206 seconds 
  Import took 0.054879 seconds .

========================================================================
Received Import Request.
  Time since last request: 0.000715 seconds.
  path: Assets/Images/animations/pawn/walk/Walk02.png
  artifactKey: Guid(5f3ca953b0da0b449834894ae1f37852) Importer(815301076,1909f56bfc062723c751e8b465ee728b)
Start importing Assets/Images/animations/pawn/walk/Walk02.png using Guid(5f3ca953b0da0b449834894ae1f37852) Importer(815301076,1909f56bfc062723c751e8b465ee728b)  -> (artifact id: 'f698f958a4fd29708ed858c9111171a4') in 0.033389 seconds 
  Import took 0.039125 seconds .

========================================================================
Received Import Request.
  Time since last request: 0.000598 seconds.
  path: Assets/Images/animations/pawn/walk/Walk01.png
  artifactKey: Guid(2382c1064abb09945bde69999b0e60a8) Importer(815301076,1909f56bfc062723c751e8b465ee728b)
Start importing Assets/Images/animations/pawn/walk/Walk01.png using Guid(2382c1064abb09945bde69999b0e60a8) Importer(815301076,1909f56bfc062723c751e8b465ee728b)  -> (artifact id: 'f0ce62c3f5963a6af52ddfd7c1477c5a') in 0.045572 seconds 
  Import took 0.056104 seconds .

========================================================================
Received Import Request.
  Time since last request: 0.005997 seconds.
  path: Assets/Images/animations/pawn/walk/Walk02.png
  artifactKey: Guid(5f3ca953b0da0b449834894ae1f37852) Importer(815301076,1909f56bfc062723c751e8b465ee728b)
Start importing Assets/Images/animations/pawn/walk/Walk02.png using Guid(5f3ca953b0da0b449834894ae1f37852) Importer(815301076,1909f56bfc062723c751e8b465ee728b)  -> (artifact id: 'f698f958a4fd29708ed858c9111171a4') in 0.027614 seconds 
  Import took 0.037190 seconds .

========================================================================
Received Import Request.
  Time since last request: 10.580568 seconds.
  path: Assets/Prefabs/BoneDeposit.prefab
  artifactKey: Guid(d121d4a92639b084db05e50e9b7424b0) Importer(815301076,1909f56bfc062723c751e8b465ee728b)
Start importing Assets/Prefabs/BoneDeposit.prefab using Guid(d121d4a92639b084db05e50e9b7424b0) Importer(815301076,1909f56bfc062723c751e8b465ee728b)  -> (artifact id: 'dacbd9b755023a4a802d7f9a549afd41') in 0.067210 seconds 
  Import took 0.073639 seconds .

========================================================================
Received Import Request.
  Time since last request: 0.000252 seconds.
  path: Assets/Prefabs/pfPawn Variant.prefab
  artifactKey: Guid(7d0d1f18abfd74f46971086ca3ddc4d1) Importer(815301076,1909f56bfc062723c751e8b465ee728b)
Start importing Assets/Prefabs/pfPawn Variant.prefab using Guid(7d0d1f18abfd74f46971086ca3ddc4d1) Importer(815301076,1909f56bfc062723c751e8b465ee728b)  -> (artifact id: '550183a090e01d2fed16b45c5f4c1b10') in 0.029090 seconds 
  Import took 0.034550 seconds .

========================================================================
Received Import Request.
  Time since last request: 0.001151 seconds.
  path: Assets/Prefabs/pfBone.prefab
  artifactKey: Guid(c137a1e22d447294984122bd07c642ef) Importer(815301076,1909f56bfc062723c751e8b465ee728b)
Start importing Assets/Prefabs/pfBone.prefab using Guid(c137a1e22d447294984122bd07c642ef) Importer(815301076,1909f56bfc062723c751e8b465ee728b)  -> (artifact id: '970e2d0692541609c8116fd2fc1c4285') in 0.045381 seconds 
  Import took 0.053697 seconds .

========================================================================
Received Import Request.
  Time since last request: 0.000275 seconds.
  path: Assets/Prefabs/pfPawn.prefab
  artifactKey: Guid(5ad3d3fdd793ec34087768599506d34c) Importer(815301076,1909f56bfc062723c751e8b465ee728b)
Start importing Assets/Prefabs/pfPawn.prefab using Guid(5ad3d3fdd793ec34087768599506d34c) Importer(815301076,1909f56bfc062723c751e8b465ee728b)  -> (artifact id: '738869c16dfc1f94db641d73df879459') in 0.032073 seconds 
  Import took 0.042450 seconds .

========================================================================
Received Import Request.
  Time since last request: 0.000476 seconds.
  path: Assets/Prefabs/pfIron.prefab
  artifactKey: Guid(2438475946194d04f83bed47001e4ecf) Importer(815301076,1909f56bfc062723c751e8b465ee728b)
Start importing Assets/Prefabs/pfIron.prefab using Guid(2438475946194d04f83bed47001e4ecf) Importer(815301076,1909f56bfc062723c751e8b465ee728b)  -> (artifact id: '0bb36121f949d7b5de3fc6e73d25dd2d') in 0.038780 seconds 
  Import took 0.047593 seconds .

========================================================================
Received Import Request.
  Time since last request: 0.007594 seconds.
  path: Assets/Prefabs/pfPawn.prefab
  artifactKey: Guid(5ad3d3fdd793ec34087768599506d34c) Importer(815301076,1909f56bfc062723c751e8b465ee728b)
Start importing Assets/Prefabs/pfPawn.prefab using Guid(5ad3d3fdd793ec34087768599506d34c) Importer(815301076,1909f56bfc062723c751e8b465ee728b)  -> (artifact id: '738869c16dfc1f94db641d73df879459') in 0.040523 seconds 
  Import took 0.046763 seconds .

========================================================================
Received Import Request.
  Time since last request: 1.291639 seconds.
  path: Assets/Prefabs/pfStone.prefab
  artifactKey: Guid(25edc7c3b51b8954f90cce353c6ef6f1) Importer(815301076,1909f56bfc062723c751e8b465ee728b)
Start importing Assets/Prefabs/pfStone.prefab using Guid(25edc7c3b51b8954f90cce353c6ef6f1) Importer(815301076,1909f56bfc062723c751e8b465ee728b)  -> (artifact id: '842e59ceeb348f4b926d75ce411776ec') in 0.026708 seconds 
  Import took 0.033284 seconds .

========================================================================
Received Import Request.
  Time since last request: 0.204096 seconds.
  path: Assets/Prefabs/pfThau.prefab
  artifactKey: Guid(6495f7c2f1cb5c44e9108b3ce0d232bd) Importer(815301076,1909f56bfc062723c751e8b465ee728b)
Start importing Assets/Prefabs/pfThau.prefab using Guid(6495f7c2f1cb5c44e9108b3ce0d232bd) Importer(815301076,1909f56bfc062723c751e8b465ee728b)  -> (artifact id: 'e1116d082d3ab80d80c56a9ee3445793') in 0.027249 seconds 
  Import took 0.037285 seconds .

========================================================================
Received Import Request.
  Time since last request: 0.129139 seconds.
  path: Assets/Prefabs/SelectionCircle.prefab
  artifactKey: Guid(7fb8c04ab6c124b4bb730ce1e240bd8b) Importer(815301076,1909f56bfc062723c751e8b465ee728b)
Start importing Assets/Prefabs/SelectionCircle.prefab using Guid(7fb8c04ab6c124b4bb730ce1e240bd8b) Importer(815301076,1909f56bfc062723c751e8b465ee728b)  -> (artifact id: '999bf6f15357a9b76bbe9b834bc45afe') in 0.025216 seconds 
  Import took 0.031875 seconds .

AssetImportWorkerClient::OnTransportError - code=2 error=End of file
